c:\x-ray\stcop\rgs\src\xrcore\x64\release\vc120.pdb
c:\x-ray\stcop\rgs\src\xrcore\x64\release\xrmemory.obj
c:\x-ray\stcop\rgs\src\xrcore\x64\release\os_clipboard.obj
c:\x-ray\stcop\rgs\src\xrcore\x64\release\clsid.obj
c:\x-ray\stcop\rgs\src\xrcore\x64\release\xrcore.pch
c:\x-ray\stcop\rgs\src\xrcore\x64\release\stdafx.obj
c:\x-ray\stcop\rgs\src\xrcore\x64\release\model.obj
c:\x-ray\stcop\rgs\src\xrcore\x64\release\tlhelpprocessinfo.obj
c:\x-ray\stcop\rgs\src\xrcore\x64\release\nt4processinfo.obj
c:\x-ray\stcop\rgs\src\xrcore\x64\release\isnt.obj
c:\x-ray\stcop\rgs\src\xrcore\x64\release\getloadedmodules.obj
c:\x-ray\stcop\rgs\src\xrcore\x64\release\crashhandler.obj
c:\x-ray\stcop\rgs\src\xrcore\x64\release\bsufunctions.obj
c:\x-ray\stcop\rgs\src\xrcore\x64\release\blackboxui.obj
c:\x-ray\stcop\rgs\src\xrcore\x64\release\stdafx_1.obj
c:\x-ray\stcop\rgs\src\xrcore\x64\release\net_utils.obj
c:\x-ray\stcop\rgs\src\xrcore\x64\release\memory_usage.obj
c:\x-ray\stcop\rgs\src\xrcore\x64\release\memory_monitor.obj
c:\x-ray\stcop\rgs\src\xrcore\x64\release\memory_allocation_stats.obj
c:\x-ray\stcop\rgs\src\xrcore\x64\release\lzo_compressor.obj
c:\x-ray\stcop\rgs\src\xrcore\x64\release\lzhuf.obj
c:\x-ray\stcop\rgs\src\xrcore\x64\release\log.obj
c:\x-ray\stcop\rgs\src\xrcore\x64\release\locatorapi_defs.obj
c:\x-ray\stcop\rgs\src\xrcore\x64\release\locatorapi_auth.obj
c:\x-ray\stcop\rgs\src\xrcore\x64\release\locatorapi.obj
c:\x-ray\stcop\rgs\src\xrcore\x64\release\ftimer.obj
c:\x-ray\stcop\rgs\src\xrcore\x64\release\fs.obj
c:\x-ray\stcop\rgs\src\xrcore\x64\release\file_stream_reader.obj
c:\x-ray\stcop\rgs\src\xrcore\x64\release\filesystem_borland.obj
c:\x-ray\stcop\rgs\src\xrcore\x64\release\filesystem.obj
c:\x-ray\stcop\rgs\src\xrcore\x64\release\dump_string.obj
c:\x-ray\stcop\rgs\src\xrcore\x64\release\doug_lea_allocator.obj
c:\x-ray\stcop\rgs\src\xrcore\x64\release\crc32.obj
c:\x-ray\stcop\rgs\src\xrcore\x64\release\cpuid.obj
c:\x-ray\stcop\rgs\src\xrcore\x64\release\xrmemory_subst_msvc.obj
c:\x-ray\stcop\rgs\src\xrcore\x64\release\xrmemory_subst_borland.obj
c:\x-ray\stcop\rgs\src\xrcore\x64\release\xrmemory_pool.obj
c:\x-ray\stcop\rgs\src\xrcore\x64\release\xrmemory_debug.obj
c:\x-ray\stcop\rgs\src\xrcore\x64\release\xrmemory_align.obj
c:\x-ray\stcop\rgs\src\xrcore\x64\release\xrdebugnew.obj
c:\x-ray\stcop\rgs\src\xrcore\x64\release\xrcore.obj
c:\x-ray\stcop\rgs\src\xrcore\x64\release\string_concatenations.obj
c:\x-ray\stcop\rgs\src\xrcore\x64\release\stream_reader.obj
c:\x-ray\stcop\rgs\src\xrcore\x64\release\rt_lzo_init.obj
c:\x-ray\stcop\rgs\src\xrcore\x64\release\rt_lzo1x_d3.obj
c:\x-ray\stcop\rgs\src\xrcore\x64\release\rt_lzo1x_d2.obj
c:\x-ray\stcop\rgs\src\xrcore\x64\release\rt_lzo1x_d1.obj
c:\x-ray\stcop\rgs\src\xrcore\x64\release\rt_lzo1x_9x.obj
c:\x-ray\stcop\rgs\src\xrcore\x64\release\rt_lzo1x_1.obj
c:\x-ray\stcop\rgs\src\xrcore\x64\release\rt_compressor9.obj
c:\x-ray\stcop\rgs\src\xrcore\x64\release\rt_compressor.obj
c:\x-ray\stcop\rgs\src\xrcore\x64\release\ppmd_compressor.obj
c:\x-ray\stcop\rgs\src\xrcore\x64\release\_std_extensions.obj
c:\x-ray\stcop\rgs\src\xrcore\x64\release\_sphere.obj
c:\x-ray\stcop\rgs\src\xrcore\x64\release\_math.obj
c:\x-ray\stcop\rgs\src\xrcore\x64\release\_compressed_normal.obj
c:\x-ray\stcop\rgs\src\xrcore\x64\release\xr_trims.obj
c:\x-ray\stcop\rgs\src\xrcore\x64\release\xr_shared.obj
c:\x-ray\stcop\rgs\src\xrcore\x64\release\xr_ini.obj
c:\x-ray\stcop\rgs\src\xrcore\x64\release\xrsyncronize.obj
c:\x-ray\stcop\rgs\src\xrcore\x64\release\xrstring.obj
c:\x-ray\stcop\rgs\src\xrcore\x64\release\xrsharedmem.obj
c:\x-ray\stcop\rgs\src\xrcore\x64\release\malloc.obj
c:\x-ray\stcop\rgs\src\xrcore\x64\release\win32.obj
c:\x-ray\stcop\rgs\src\xrcore\x64\release\xrmemory_pso_fill32.obj
c:\x-ray\stcop\rgs\src\xrcore\x64\release\xrmemory_pso_fill.obj
c:\x-ray\stcop\rgs\src\xrcore\x64\release\xrmemory_pso_copy.obj
c:\x-ray\stcop\rgs\src\x64\release\xrcore.dll
c:\x-ray\stcop\rgs\src\xrcore\x64\release\xrmemory_pso_copy.asm
c:\x-ray\stcop\rgs\src\xrcore\x64\release\xrmemory_pso_fill.asm
c:\x-ray\stcop\rgs\src\xrcore\x64\release\xrmemory_pso_fill32.asm
c:\x-ray\stcop\rgs\src\x64\release\xrcore.pdb
c:\x-ray\stcop\rgs\src\xrcore\x64\release\xrcore.res
c:\x-ray\stcop\rgs\lib\release\xrcore.lib
c:\x-ray\stcop\rgs\lib\release\xrcore.exp
c:\x-ray\stcop\rgs\src\xrcore\x64\release\xrcore.tlog\cl.command.1.tlog
c:\x-ray\stcop\rgs\src\xrcore\x64\release\xrcore.tlog\cl.read.1.tlog
c:\x-ray\stcop\rgs\src\xrcore\x64\release\xrcore.tlog\cl.write.1.tlog
c:\x-ray\stcop\rgs\src\xrcore\x64\release\xrcore.tlog\link.command.1.tlog
c:\x-ray\stcop\rgs\src\xrcore\x64\release\xrcore.tlog\link.read.1.tlog
c:\x-ray\stcop\rgs\src\xrcore\x64\release\xrcore.tlog\link.write.1.tlog
c:\x-ray\stcop\rgs\src\xrcore\x64\release\xrcore.tlog\rc.command.1.tlog
c:\x-ray\stcop\rgs\src\xrcore\x64\release\xrcore.tlog\rc.read.1.tlog
c:\x-ray\stcop\rgs\src\xrcore\x64\release\xrcore.tlog\rc.write.1.tlog
c:\x-ray\stcop\rgs\src\xrcore\x64\release\xrcore.tlog\xrcore.write.1u.tlog
