c:\x-ray\stcop\rgs\src\xrsound\x64\release\xrsound.pch
c:\x-ray\stcop\rgs\src\xrsound\x64\release\vc140.pdb
c:\x-ray\stcop\rgs\src\xrsound\x64\release\vc140.idb
c:\x-ray\stcop\rgs\src\xrsound\x64\release\stdafx.obj
c:\x-ray\stcop\rgs\src\xrsound\x64\release\guids.obj
c:\x-ray\stcop\rgs\src\xrsound\x64\release\openaldevicelist.obj
c:\x-ray\stcop\rgs\src\xrsound\x64\release\sound.obj
c:\x-ray\stcop\rgs\src\xrsound\x64\release\soundrender_cache.obj
c:\x-ray\stcop\rgs\src\xrsound\x64\release\soundrender_core.obj
c:\x-ray\stcop\rgs\src\xrsound\x64\release\soundrender_corea.obj
c:\x-ray\stcop\rgs\src\xrsound\x64\release\soundrender_core_processor.obj
c:\x-ray\stcop\rgs\src\xrsound\x64\release\soundrender_core_sourcemanager.obj
c:\x-ray\stcop\rgs\src\xrsound\x64\release\soundrender_core_startstop.obj
c:\x-ray\stcop\rgs\src\xrsound\x64\release\soundrender_emitter.obj
c:\x-ray\stcop\rgs\src\xrsound\x64\release\soundrender_emitter_fsm.obj
c:\x-ray\stcop\rgs\src\xrsound\x64\release\soundrender_emitter_startstop.obj
c:\x-ray\stcop\rgs\src\xrsound\x64\release\soundrender_emitter_streamer.obj
c:\x-ray\stcop\rgs\src\xrsound\x64\release\soundrender_environment.obj
c:\x-ray\stcop\rgs\src\xrsound\x64\release\soundrender_source.obj
c:\x-ray\stcop\rgs\src\xrsound\x64\release\soundrender_source_loader.obj
c:\x-ray\stcop\rgs\src\xrsound\x64\release\soundrender_target.obj
c:\x-ray\stcop\rgs\src\xrsound\x64\release\soundrender_targeta.obj
c:\x-ray\stcop\rgs\src\x64\release\xrsound.dll
c:\x-ray\stcop\rgs\src\x64\release\xrsound.pdb
c:\x-ray\stcop\rgs\lib\release\xrsound.lib
c:\x-ray\stcop\rgs\lib\release\xrsound.exp
c:\x-ray\stcop\rgs\src\xrsound\x64\release\xrsound.tlog\cl.command.1.tlog
c:\x-ray\stcop\rgs\src\xrsound\x64\release\xrsound.tlog\cl.read.1.tlog
c:\x-ray\stcop\rgs\src\xrsound\x64\release\xrsound.tlog\cl.write.1.tlog
c:\x-ray\stcop\rgs\src\xrsound\x64\release\xrsound.tlog\link.command.1.tlog
c:\x-ray\stcop\rgs\src\xrsound\x64\release\xrsound.tlog\link.read.1.tlog
c:\x-ray\stcop\rgs\src\xrsound\x64\release\xrsound.tlog\link.write.1.tlog
c:\x-ray\stcop\rgs\src\xrsound\x64\release\xrsound.tlog\xrsound.write.1u.tlog
