c:\x-ray\stcop\rgs\src\xrcdb\x64\release\xrcdb.pch
c:\x-ray\stcop\rgs\src\xrcdb\x64\release\vc120.pdb
c:\x-ray\stcop\rgs\src\xrcdb\x64\release\stdafx.obj
c:\x-ray\stcop\rgs\src\xrcdb\x64\release\opc_plane.obj
c:\x-ray\stcop\rgs\src\xrcdb\x64\release\opc_optimizedtree.obj
c:\x-ray\stcop\rgs\src\xrcdb\x64\release\opc_obbcollider.obj
c:\x-ray\stcop\rgs\src\xrcdb\x64\release\opc_obb.obj
c:\x-ray\stcop\rgs\src\xrcdb\x64\release\opc_model.obj
c:\x-ray\stcop\rgs\src\xrcdb\x64\release\opc_matrix4x4.obj
c:\x-ray\stcop\rgs\src\xrcdb\x64\release\opc_matrix3x3.obj
c:\x-ray\stcop\rgs\src\xrcdb\x64\release\opc_container.obj
c:\x-ray\stcop\rgs\src\xrcdb\x64\release\opc_common.obj
c:\x-ray\stcop\rgs\src\xrcdb\x64\release\opc_collider.obj
c:\x-ray\stcop\rgs\src\xrcdb\x64\release\opc_aabbtree.obj
c:\x-ray\stcop\rgs\src\xrcdb\x64\release\opc_aabbcollider.obj
c:\x-ray\stcop\rgs\src\xrcdb\x64\release\opc_aabb.obj
c:\x-ray\stcop\rgs\src\xrcdb\x64\release\opcode.obj
c:\x-ray\stcop\rgs\src\xrcdb\x64\release\ispatial_verify.obj
c:\x-ray\stcop\rgs\src\xrcdb\x64\release\ispatial_q_ray.obj
c:\x-ray\stcop\rgs\src\xrcdb\x64\release\ispatial_q_frustum.obj
c:\x-ray\stcop\rgs\src\xrcdb\x64\release\ispatial_q_box.obj
c:\x-ray\stcop\rgs\src\xrcdb\x64\release\ispatial.obj
c:\x-ray\stcop\rgs\src\xrcdb\x64\release\frustum.obj
c:\x-ray\stcop\rgs\src\xrcdb\x64\release\xr_area_raypick.obj
c:\x-ray\stcop\rgs\src\xrcdb\x64\release\xr_area_query.obj
c:\x-ray\stcop\rgs\src\xrcdb\x64\release\xr_area.obj
c:\x-ray\stcop\rgs\src\xrcdb\x64\release\xrxrc.obj
c:\x-ray\stcop\rgs\src\xrcdb\x64\release\xrcdb_collector.obj
c:\x-ray\stcop\rgs\src\xrcdb\x64\release\xrcdb.obj
c:\x-ray\stcop\rgs\src\xrcdb\x64\release\opc_volumecollider.obj
c:\x-ray\stcop\rgs\src\xrcdb\x64\release\opc_triangle.obj
c:\x-ray\stcop\rgs\src\xrcdb\x64\release\opc_treecollider.obj
c:\x-ray\stcop\rgs\src\xrcdb\x64\release\opc_treebuilders.obj
c:\x-ray\stcop\rgs\src\xrcdb\x64\release\opc_spherecollider.obj
c:\x-ray\stcop\rgs\src\xrcdb\x64\release\opc_raycollider.obj
c:\x-ray\stcop\rgs\src\xrcdb\x64\release\opc_ray.obj
c:\x-ray\stcop\rgs\src\xrcdb\x64\release\opc_point.obj
c:\x-ray\stcop\rgs\src\xrcdb\x64\release\opc_planescollider.obj
c:\x-ray\stcop\rgs\src\xrcdb\x64\release\xrcdb_ray.obj
c:\x-ray\stcop\rgs\src\xrcdb\x64\release\xrcdb_frustum.obj
c:\x-ray\stcop\rgs\src\xrcdb\x64\release\xrcdb_box.obj
c:\x-ray\stcop\rgs\src\x64\release\xrcdb.dll
c:\x-ray\stcop\rgs\src\xrcdb\x64\release\xrcdb_box.asm
c:\x-ray\stcop\rgs\src\xrcdb\x64\release\xrcdb_frustum.asm
c:\x-ray\stcop\rgs\src\xrcdb\x64\release\xrcdb_ray.asm
c:\x-ray\stcop\rgs\lib\release\xrcdb.lib
c:\x-ray\stcop\rgs\lib\release\xrcdb.exp
c:\x-ray\stcop\rgs\src\xrcdb\x64\release\xrcdb.tlog\cl.command.1.tlog
c:\x-ray\stcop\rgs\src\xrcdb\x64\release\xrcdb.tlog\cl.read.1.tlog
c:\x-ray\stcop\rgs\src\xrcdb\x64\release\xrcdb.tlog\cl.write.1.tlog
c:\x-ray\stcop\rgs\src\xrcdb\x64\release\xrcdb.tlog\link.command.1.tlog
c:\x-ray\stcop\rgs\src\xrcdb\x64\release\xrcdb.tlog\link.read.1.tlog
c:\x-ray\stcop\rgs\src\xrcdb\x64\release\xrcdb.tlog\link.write.1.tlog
c:\x-ray\stcop\rgs\src\xrcdb\x64\release\xrcdb.tlog\xrcdb.write.1u.tlog
