c:\x-ray\stcop\rgs\src\xrnetserver\x64\release\xrnetserver.pch
c:\x-ray\stcop\rgs\src\xrnetserver\x64\release\stdafx.obj
c:\x-ray\stcop\rgs\src\xrnetserver\x64\release\vc120.pdb
c:\x-ray\stcop\rgs\src\xrnetserver\x64\release\net_server.obj
c:\x-ray\stcop\rgs\src\xrnetserver\x64\release\net_log.obj
c:\x-ray\stcop\rgs\src\xrnetserver\x64\release\net_compressor.obj
c:\x-ray\stcop\rgs\src\xrnetserver\x64\release\net_common.obj
c:\x-ray\stcop\rgs\src\xrnetserver\x64\release\net_client.obj
c:\x-ray\stcop\rgs\src\xrnetserver\x64\release\net_authcheck.obj
c:\x-ray\stcop\rgs\src\xrnetserver\x64\release\ip_filter.obj
c:\x-ray\stcop\rgs\src\x64\release\xrnetserver.dll
c:\x-ray\stcop\rgs\lib\release\xrnetserver.lib
c:\x-ray\stcop\rgs\lib\release\xrnetserver.exp
c:\x-ray\stcop\rgs\src\xrnetserver\x64\release\xrnetserver.tlog\cl.command.1.tlog
c:\x-ray\stcop\rgs\src\xrnetserver\x64\release\xrnetserver.tlog\cl.read.1.tlog
c:\x-ray\stcop\rgs\src\xrnetserver\x64\release\xrnetserver.tlog\cl.write.1.tlog
c:\x-ray\stcop\rgs\src\xrnetserver\x64\release\xrnetserver.tlog\link.command.1.tlog
c:\x-ray\stcop\rgs\src\xrnetserver\x64\release\xrnetserver.tlog\link.read.1.tlog
c:\x-ray\stcop\rgs\src\xrnetserver\x64\release\xrnetserver.tlog\link.write.1.tlog
c:\x-ray\stcop\rgs\src\xrnetserver\x64\release\xrnetserver.tlog\xrnetserver.write.1u.tlog
