     0>Search paths being used for $(MSBuildExtensionsPath) are C:\Program Files (x86)\Microsoft Visual Studio\2019\Professional\MSBuild;$(MSBuildProgramFiles32)\MSBuild
       Trying to import C:\Program Files (x86)\Microsoft Visual Studio\2019\Professional\MSBuild\$(MSBuildToolsVersion)\Microsoft.Common.props using extensions path C:\Program Files (x86)\Microsoft Visual Studio\2019\Professional\MSBuild
       Property reassignment: $(MSBuildProjectExtensionsPath)="C:\X-RAY\stcop\rgs\src\xrEngine\obj\" (previous value: "obj\") at C:\Program Files (x86)\Microsoft Visual Studio\2019\Professional\MSBuild\Current\Microsoft.Common.props (56,5)
       Search paths being used for $(MSBuildExtensionsPath) are C:\Program Files (x86)\Microsoft Visual Studio\2019\Professional\MSBuild;$(MSBuildProgramFiles32)\MSBuild
       Trying to import C:\Program Files (x86)\Microsoft Visual Studio\2019\Professional\MSBuild\$(MSBuildToolsVersion)\Imports\Microsoft.Common.props\ImportBefore\* using extensions path C:\Program Files (x86)\Microsoft Visual Studio\2019\Professional\MSBuild
       Search paths being used for $(MSBuildExtensionsPath) are C:\Program Files (x86)\Microsoft Visual Studio\2019\Professional\MSBuild;$(MSBuildProgramFiles32)\MSBuild
       The "Configuration" property is a global property, and cannot be modified.
       Search paths being used for $(MSBuildExtensionsPath) are C:\Program Files (x86)\Microsoft Visual Studio\2019\Professional\MSBuild;$(MSBuildProgramFiles32)\MSBuild
       Search paths being used for $(MSBuildExtensionsPath) are C:\Program Files (x86)\Microsoft Visual Studio\2019\Professional\MSBuild;$(MSBuildProgramFiles32)\MSBuild
       The "Configuration" property is a global property, and cannot be modified.
       Property reassignment: $(PlatformToolset)="v100" (previous value: "") at C:\Program Files (x86)\Microsoft Visual Studio\2019\Professional\MSBuild\Microsoft\VC\v160\Platforms\x64\Platform.Default.props (26,5)
       The "SolutionDir" property is a global property, and cannot be modified.
       Property reassignment: $(MSBuildAllProjects)=";C:\X-RAY\stcop\rgs\src\xrEngine\xrEngine.vcxproj;C:\Program Files (x86)\Microsoft Visual Studio\2019\Professional\MSBuild\Current\Bin\Microsoft.Common.targets;C:\X-RAY\stcop\rgs\src\xrEngine\xrEngine.vcxproj.user" (previous value: ";C:\X-RAY\stcop\rgs\src\xrEngine\xrEngine.vcxproj;C:\Program Files (x86)\Microsoft Visual Studio\2019\Professional\MSBuild\Current\Bin\Microsoft.Common.targets") at C:\Program Files (x86)\Microsoft Visual Studio\2019\Professional\MSBuild\Microsoft\VC\v160\Microsoft.Cpp.Default.props (169,5)
       Property reassignment: $(PlatformToolset)="v140" (previous value: "v100") at C:\X-RAY\stcop\rgs\src\xrEngine\xrEngine.vcxproj (121,5)
       Property reassignment: $(CharacterSet)="MultiByte" (previous value: "NotSet") at C:\X-RAY\stcop\rgs\src\xrEngine\xrEngine.vcxproj (123,5)
       Property reassignment: $(WholeProgramOptimization)="true" (previous value: "false") at C:\X-RAY\stcop\rgs\src\xrEngine\xrEngine.vcxproj (124,5)
       Property reassignment: $(_VCTargetsPathForToolset)="C:\Program Files (x86)\MSBuild\Microsoft.Cpp\v4.0\V140\" (previous value: "") at C:\Program Files (x86)\Microsoft Visual Studio\2019\Professional\MSBuild\Microsoft\VC\v160\Microsoft.Cpp.Redirect.14.props (15,5)
       Property reassignment: $(VCTargetsPath)="C:\Program Files (x86)\MSBuild\Microsoft.Cpp\v4.0\V140\" (previous value: "C:\Program Files (x86)\Microsoft Visual Studio\2019\Professional\MSBuild\Microsoft\VC\v160\") at C:\Program Files (x86)\Microsoft Visual Studio\2019\Professional\MSBuild\Microsoft\VC\v160\Microsoft.Cpp.ToolsetLocation.props (17,5)
       Property reassignment: $(TargetPlatformVersion)="8.1" (previous value: "") at C:\Program Files (x86)\MSBuild\Microsoft.Cpp\v4.0\V140\Microsoft.Cpp.WindowsSDK.props (31,5)
       Property reassignment: $(TargetExt)=".exe" (previous value: "") at C:\Program Files (x86)\MSBuild\Microsoft.Cpp\v4.0\V140\Microsoft.Cpp.Common.props (34,5)
       Property reassignment: $(WindowsSdkDir)="C:\Program Files (x86)\Windows Kits\8.1\" (previous value: "C:\Program Files (x86)\Windows Kits\10\") at C:\Program Files (x86)\MSBuild\Microsoft.Cpp\v4.0\V140\Microsoft.Cpp.Common.props (103,5)
       Property reassignment: $(SDKDisplayName)="Windows" (previous value: "Windows 10") at C:\Program Files (x86)\MSBuild\Microsoft.Cpp\v4.0\V140\Microsoft.Cpp.Common.props (127,5)
       Property reassignment: $(WindowsSDK_ExecutablePath_x86)="C:\Program Files (x86)\Windows Kits\8.1\bin\x86;;C:\Program Files (x86)\Microsoft SDKs\Windows\v10.0A\bin\NETFX 4.6.1 Tools" (previous value: "C:\Program Files (x86)\Windows Kits\8.1\bin\x86;") at C:\Program Files (x86)\MSBuild\Microsoft.Cpp\v4.0\V140\Microsoft.Cpp.Common.props (153,5)
       Property reassignment: $(WindowsSDK_ExecutablePath_x64)="C:\Program Files (x86)\Windows Kits\8.1\bin\x64;;C:\Program Files (x86)\Microsoft SDKs\Windows\v10.0A\bin\NETFX 4.6.1 Tools\x64" (previous value: "C:\Program Files (x86)\Windows Kits\8.1\bin\x64;") at C:\Program Files (x86)\MSBuild\Microsoft.Cpp\v4.0\V140\Microsoft.Cpp.Common.props (154,5)
       Property reassignment: $(_PropertySheetDisplayName)="Multi-byte Character Support" (previous value: "Core Windows Libraries") at C:\Program Files (x86)\MSBuild\Microsoft.Cpp\v4.0\V140\Microsoft.Cpp.MultiByteCharSupport.props (15,5)
       Property reassignment: $(_PropertySheetDisplayName)="Application" (previous value: "Multi-byte Character Support") at C:\Program Files (x86)\MSBuild\Microsoft.Cpp\v4.0\V140\Microsoft.Cpp.Application.props (15,5)
       Property reassignment: $(_PropertySheetDisplayName)="Whole Program Optimization" (previous value: "Application") at C:\Program Files (x86)\MSBuild\Microsoft.Cpp\v4.0\V140\Microsoft.Cpp.WholeProgramOptimization.props (15,5)
       Property reassignment: $(VCTargetsPath)="C:\Program Files (x86)\Microsoft Visual Studio\2019\Professional\MSBuild\Microsoft\VC\v160\" (previous value: "C:\Program Files (x86)\MSBuild\Microsoft.Cpp\v4.0\V140\") at C:\Program Files (x86)\Microsoft Visual Studio\2019\Professional\MSBuild\Microsoft\VC\v160\Microsoft.Cpp.ToolsetLocation.props (56,5)
       Property reassignment: $(VCProjectUpgraderObjectName)="" (previous value: "WindowsSDKVersionUpgrader") at C:\Program Files (x86)\Microsoft Visual Studio\2019\Professional\MSBuild\Microsoft\VC\v160\Microsoft.Cpp.Redirect.14.props (30,5)
       Property reassignment: $(ExcludePath)="C:\Program Files (x86)\Microsoft Visual Studio 14.0\VC\include;;C:\Program Files (x86)\Microsoft Visual Studio 14.0\VC\atlmfc\include;;C:\Program Files (x86)\Windows Kits\10\Include\10.0.10240.0\ucrt;;;C:\Program Files (x86)\Windows Kits\8.1\Include\um;C:\Program Files (x86)\Windows Kits\8.1\Include\shared;C:\Program Files (x86)\Windows Kits\8.1\Include\winrt;;C:\Program Files (x86)\Microsoft Visual Studio\2019\Professional\MSBuild\Current\Bin;C:\Windows\Microsoft.NET\Framework\v4.0.30319\;C:\Program Files (x86)\Microsoft Visual Studio 14.0\VC\lib\amd64;;C:\Program Files (x86)\Microsoft Visual Studio 14.0\VC\atlmfc\lib\amd64;;C:\Program Files (x86)\Windows Kits\10\lib\10.0.10240.0\ucrt\x64;;;;C:\Windows" (previous value: "C:\Program Files (x86)\Microsoft Visual Studio 14.0\VC\include;;C:\Program Files (x86)\Microsoft Visual Studio 14.0\VC\atlmfc\include;;C:\Program Files (x86)\Windows Kits\10\Include\10.0.10240.0\ucrt;;;C:\Program Files (x86)\Windows Kits\8.1\Include\um;C:\Program Files (x86)\Windows Kits\8.1\Include\shared;C:\Program Files (x86)\Windows Kits\8.1\Include\winrt;;C:\Program Files (x86)\Microsoft Visual Studio\2019\Professional\MSBuild\Current\Bin;C:\Windows\Microsoft.NET\Framework\v4.0.30319\;C:\Program Files (x86)\Microsoft Visual Studio 14.0\VC\lib\amd64;;C:\Program Files (x86)\Microsoft Visual Studio 14.0\VC\atlmfc\lib\amd64;;C:\Program Files (x86)\Windows Kits\10\lib\10.0.10240.0\ucrt\x64;;;") at C:\Program Files (x86)\Microsoft Visual Studio\2019\Professional\MSBuild\Microsoft\VC\v160\Microsoft.Cpp.Redirect.14.props (32,5)
       Property reassignment: $(_PropertySheetDisplayName)="Upgrade from VC 7.1" (previous value: "Whole Program Optimization") at C:\Program Files (x86)\Microsoft Visual Studio\2019\Professional\MSBuild\Microsoft\VC\v160\Microsoft.CPP.UpgradeFromVC71.props (15,5)
       Property reassignment: $(IncludePath)="C:\X-RAY\stcop\rgs\src\..\src\3rd party;C:\Program Files (x86)\Microsoft Visual Studio 14.0\VC\include;;C:\Program Files (x86)\Microsoft Visual Studio 14.0\VC\atlmfc\include;;C:\Program Files (x86)\Windows Kits\10\Include\10.0.10240.0\ucrt;;;C:\Program Files (x86)\Windows Kits\8.1\Include\um;C:\Program Files (x86)\Windows Kits\8.1\Include\shared;C:\Program Files (x86)\Windows Kits\8.1\Include\winrt;;;C:\X-RAY\stcop\rgs\src\..\sdk\include;C:\X-RAY\stcop\rgs\src\..\sdk\include\OpenAutomate;C:\X-RAY\stcop\rgs\src\..\sdk\include\nvapi;C:\X-RAY\stcop\rgs\src\..\sdk\include\dxsdk" (previous value: "C:\Program Files (x86)\Microsoft Visual Studio 14.0\VC\include;;C:\Program Files (x86)\Microsoft Visual Studio 14.0\VC\atlmfc\include;;C:\Program Files (x86)\Windows Kits\10\Include\10.0.10240.0\ucrt;;;C:\Program Files (x86)\Windows Kits\8.1\Include\um;C:\Program Files (x86)\Windows Kits\8.1\Include\shared;C:\Program Files (x86)\Windows Kits\8.1\Include\winrt;;") at C:\X-RAY\stcop\rgs\src\Common.props (17,5)
       Property reassignment: $(_Redirect)="false" (previous value: "true") at C:\Program Files (x86)\Microsoft Visual Studio\2019\Professional\MSBuild\Microsoft\VC\v160\Microsoft.Cpp.Redirect.targets (19,5)
       Property reassignment: $(VCTargetsPath)="C:\Program Files (x86)\MSBuild\Microsoft.Cpp\v4.0\V140\" (previous value: "C:\Program Files (x86)\Microsoft Visual Studio\2019\Professional\MSBuild\Microsoft\VC\v160\") at C:\Program Files (x86)\Microsoft Visual Studio\2019\Professional\MSBuild\Microsoft\VC\v160\Microsoft.Cpp.ToolsetLocation.targets (16,5)
       The "SolutionExt" property is a global property, and cannot be modified.
       Property reassignment: $(ExtensionsToDeleteOnClean)="*.cdf;*.cache;*.obj;*.obj.enc;*.ilk;*.ipdb;*.iobj;*.resources;*.tlb;*.tli;*.tlh;*.tmp;*.rsp;*.pgc;*.pgd;*.meta;*.tlog;*.manifest;*.res;*.pch;*.exp;*.idb;*.rep;*.xdc;*.pdb;*_manifest.rc;*.bsc;*.sbr;*.xml;*.metagen;*.bi;C:\X-RAY\stcop\rgs\src\x64\Release\xrEngine.exe.manifest;C:\X-RAY\stcop\rgs\src\x64\Release\xrEngine.tlb;C:\X-RAY\stcop\rgs\src\x64\Release\xrEngine.pdb;C:\X-RAY\stcop\rgs\src\x64\Release\xrEngine.exe;C:\X-RAY\stcop\rgs\src\x64\Release\xrEngine.bsc;C:\X-RAY\stcop\rgs\src\x64\Release\xrEngine.ilk;C:\X-RAY\stcop\rgs\src\x64\Release\xrEngine.exe.intermediate.manifest" (previous value: "*.cdf;*.cache;*.obj;*.obj.enc;*.ilk;*.ipdb;*.iobj;*.resources;*.tlb;*.tli;*.tlh;*.tmp;*.rsp;*.pgc;*.pgd;*.meta;*.tlog;*.manifest;*.res;*.pch;*.exp;*.idb;*.rep;*.xdc;*.pdb;*_manifest.rc;*.bsc;*.sbr;*.xml;*.metagen;*.bi") at C:\Program Files (x86)\MSBuild\Microsoft.Cpp\v4.0\V140\Microsoft.CppCommon.targets (35,5)
       Search paths being used for $(MSBuildExtensionsPath) are C:\Program Files (x86)\Microsoft Visual Studio\2019\Professional\MSBuild;$(MSBuildProgramFiles32)\MSBuild
       Search paths being used for $(MSBuildExtensionsPath) are C:\Program Files (x86)\Microsoft Visual Studio\2019\Professional\MSBuild;$(MSBuildProgramFiles32)\MSBuild
       Trying to import C:\Program Files (x86)\Microsoft Visual Studio\2019\Professional\MSBuild\$(MSBuildToolsVersion)\Microsoft.Common.targets\ImportBefore\* using extensions path C:\Program Files (x86)\Microsoft Visual Studio\2019\Professional\MSBuild
       Property reassignment: $(LocalDebuggerWorkingDirectory)="C:\Games\Road Goes" (previous value: "C:\X-RAY\stcop\rgs\src\xrEngine\") at C:\X-RAY\stcop\rgs\src\xrEngine\xrEngine.vcxproj.user (8,5)
       Search paths being used for $(MSBuildExtensionsPath) are C:\Program Files (x86)\Microsoft Visual Studio\2019\Professional\MSBuild;$(MSBuildProgramFiles32)\MSBuild
       Search paths being used for $(MSBuildExtensionsPath) are C:\Program Files (x86)\Microsoft Visual Studio\2019\Professional\MSBuild;$(MSBuildProgramFiles32)\MSBuild
       Property reassignment: $(TargetPlatformSdkMetadataLocation)="C:\Program Files (x86)\Windows Kits\8.1\References\CommonConfiguration\Neutral" (previous value: "C:\Program Files (x86)\Windows Kits\8.1\Windows Metadata") at C:\Program Files (x86)\Microsoft Visual Studio\2019\Professional\MSBuild\Current\Bin\Microsoft.Common.CurrentVersion.targets (94,5)
       The "Configuration" property is a global property, and cannot be modified.
       Property reassignment: $(_DocumentationFileProduced)="false" (previous value: "true") at C:\Program Files (x86)\Microsoft Visual Studio\2019\Professional\MSBuild\Current\Bin\Microsoft.Common.CurrentVersion.targets (157,5)
       Property reassignment: $(TargetDir)="C:\X-RAY\stcop\rgs\src\x64\Release\" (previous value: "C:\X-RAY\stcop\rgs\src\x64\Release") at C:\Program Files (x86)\Microsoft Visual Studio\2019\Professional\MSBuild\Current\Bin\Microsoft.Common.CurrentVersion.targets (283,5)
       The "DevEnvDir" property is a global property, and cannot be modified.
       The "SolutionName" property is a global property, and cannot be modified.
       The "SolutionFileName" property is a global property, and cannot be modified.
       The "SolutionPath" property is a global property, and cannot be modified.
       The "SolutionDir" property is a global property, and cannot be modified.
       The "SolutionExt" property is a global property, and cannot be modified.
       Property reassignment: $(AutoUnifyAssemblyReferences)="false" (previous value: "true") at C:\Program Files (x86)\Microsoft Visual Studio\2019\Professional\MSBuild\Current\Bin\Microsoft.Common.CurrentVersion.targets (332,5)
       Property reassignment: $(ProcessorArchitecture)="amd64" (previous value: "x64") at C:\Program Files (x86)\Microsoft Visual Studio\2019\Professional\MSBuild\Current\Bin\Microsoft.Common.CurrentVersion.targets (473,5)
       Property reassignment: $(DelaySign)="" (previous value: "false") at C:\Program Files (x86)\Microsoft Visual Studio\2019\Professional\MSBuild\Current\Bin\Microsoft.Common.CurrentVersion.targets (525,5)
       Property reassignment: $(_SGenGenerateSerializationAssembliesConfig)="Auto" (previous value: "") at C:\Program Files (x86)\Microsoft Visual Studio\2019\Professional\MSBuild\Current\Bin\Microsoft.Common.CurrentVersion.targets (3500,5)
       Property reassignment: $(CAExcludePath)="C:\Program Files (x86)\Windows Kits\10\Include\10.0.10240.0\ucrt;;C:\Program Files (x86)\Windows Kits\8.1\Include\um;C:\Program Files (x86)\Windows Kits\8.1\Include\shared;C:\Program Files (x86)\Windows Kits\8.1\Include\winrt;;" (previous value: "C:\Program Files (x86)\Windows Kits\8.1\Include\um;C:\Program Files (x86)\Windows Kits\8.1\Include\shared;C:\Program Files (x86)\Windows Kits\8.1\Include\winrt;;") at C:\Program Files (x86)\Microsoft Visual Studio\2019\Professional\MSBuild\Microsoft\VisualStudio\v16.0\CodeAnalysis\Microsoft.CodeAnalysis.targets (230,5)
       Property reassignment: $(PrepareForBuildDependsOn)="GetFrameworkPaths;GetReferenceAssemblyPaths;AssignLinkMetadata;SetCABuildNativeEnvironmentVariables" (previous value: "GetFrameworkPaths;GetReferenceAssemblyPaths;AssignLinkMetadata") at C:\Program Files (x86)\Microsoft Visual Studio\2019\Professional\MSBuild\Microsoft\VisualStudio\v16.0\CodeAnalysis\Microsoft.CodeAnalysis.targets (235,5)
       Search paths being used for $(MSBuildExtensionsPath) are C:\Program Files (x86)\Microsoft Visual Studio\2019\Professional\MSBuild;$(MSBuildProgramFiles32)\MSBuild
       Property reassignment: $(ResolveReferencesDependsOn)="
             
             BeforeResolveReferences;
             AssignProjectConfiguration;
             ResolveProjectReferences;
             FindInvalidProjectReferences;
             ResolveNativeReferences;
             ResolveAssemblyReferences;
             GenerateBindingRedirects;
             ResolveComReferences;
             AfterResolveReferences
           ;
             ImplicitlyExpandDesignTimeFacades
           " (previous value: "
             BeforeResolveReferences;
             AssignProjectConfiguration;
             ResolveProjectReferences;
             FindInvalidProjectReferences;
             ResolveNativeReferences;
             ResolveAssemblyReferences;
             GenerateBindingRedirects;
             ResolveComReferences;
             AfterResolveReferences
           ") at C:\Program Files (x86)\Microsoft Visual Studio\2019\Professional\MSBuild\Current\Bin\Microsoft.NETFramework.CurrentVersion.targets (75,5)
       Property reassignment: $(PrepareResourceNamesDependsOn)="
                           AssignWinFXEmbeddedResource;
                           
             AssignTargetPaths;
             SplitResourcesByCulture;
             CreateManifestResourceNames;
             CreateCustomManifestResourceNames
           
             " (previous value: "
             AssignTargetPaths;
             SplitResourcesByCulture;
             CreateManifestResourceNames;
             CreateCustomManifestResourceNames
           ") at C:\Windows\Microsoft.NET\Framework\v4.0.30319\Microsoft.WinFx.targets (97,7)
       Property reassignment: $(PrepareResourcesDependsOn)="
                       MarkupCompilePass1;
                       AfterMarkupCompilePass1;
                       MarkupCompilePass2ForMainAssembly;
                       FileClassification;
                       MainResourcesGeneration;
                       
             PrepareResourceNames;
             ResGen;
             CompileLicxFiles
           
             " (previous value: "
             PrepareResourceNames;
             ResGen;
             CompileLicxFiles
           ") at C:\Windows\Microsoft.NET\Framework\v4.0.30319\Microsoft.WinFx.targets (108,7)
       Property reassignment: $(CompileDependsOn)="
               
             ResolveReferences;
             ResolveKeySource;
             SetWin32ManifestProperties;
             FindReferenceAssembliesForReferences;
             _GenerateCompileInputs;
             BeforeCompile;
             _TimeStampBeforeCompile;
             _GenerateCompileDependencyCache;
             CoreCompile;
             _TimeStampAfterCompile;
             AfterCompile;
           ;
               _AfterCompileWinFXInternal
           " (previous value: "
             ResolveReferences;
             ResolveKeySource;
             SetWin32ManifestProperties;
             FindReferenceAssembliesForReferences;
             _GenerateCompileInputs;
             BeforeCompile;
             _TimeStampBeforeCompile;
             _GenerateCompileDependencyCache;
             CoreCompile;
             _TimeStampAfterCompile;
             AfterCompile;
           ") at C:\Windows\Microsoft.NET\Framework\v4.0.30319\Microsoft.WinFx.targets (184,5)
       Property reassignment: $(PublishBuildDependsOn)="
                   BuildOnlySettings;
                   PrepareForBuild;
                   ResolveReferences;
                   PrepareResources;
                   ResolveKeySource;
                   PrepareResourcesForSatelliteAssemblies;
                   GenerateSerializationAssemblies;
                   CreateSatelliteAssemblies;
               " (previous value: "
             BuildOnlySettings;
             PrepareForBuild;
             ResolveReferences;
             PrepareResources;
             ResolveKeySource;
             GenerateSerializationAssemblies;
             CreateSatelliteAssemblies;
           ") at C:\Windows\Microsoft.NET\Framework\v4.0.30319\Microsoft.WinFx.targets (813,9)
       Property reassignment: $(BuildDependsOn)="
             EntityDeploy;
             
             BeforeBuild;
             CoreBuild;
             AfterBuild
           
           " (previous value: "
             BeforeBuild;
             CoreBuild;
             AfterBuild
           ") at C:\Windows\Microsoft.NET\Framework\v4.0.30319\Microsoft.Data.Entity.targets (35,5)
       Property reassignment: $(CleanDependsOn)="
             
             BeforeClean;
             UnmanagedUnregistration;
             CoreClean;
             CleanReferencedProjects;
             CleanPublishFolder;
             AfterClean
           ;
             EntityClean;
           " (previous value: "
             BeforeClean;
             UnmanagedUnregistration;
             CoreClean;
             CleanReferencedProjects;
             CleanPublishFolder;
             AfterClean
           ") at C:\Windows\Microsoft.NET\Framework\v4.0.30319\Microsoft.Data.Entity.targets (42,5)
       Search paths being used for $(MSBuildExtensionsPath) are C:\Program Files (x86)\Microsoft Visual Studio\2019\Professional\MSBuild;$(MSBuildProgramFiles32)\MSBuild
       Property reassignment: $(PrepareResourcesDependsOn)="
             XamlMarkupCompilePass1;
             XamlMarkupCompilePass2;
             
                       MarkupCompilePass1;
                       AfterMarkupCompilePass1;
                       MarkupCompilePass2ForMainAssembly;
                       FileClassification;
                       MainResourcesGeneration;
                       
             PrepareResourceNames;
             ResGen;
             CompileLicxFiles
           
              
           " (previous value: "
                       MarkupCompilePass1;
                       AfterMarkupCompilePass1;
                       MarkupCompilePass2ForMainAssembly;
                       FileClassification;
                       MainResourcesGeneration;
                       
             PrepareResourceNames;
             ResGen;
             CompileLicxFiles
           
             ") at C:\Windows\Microsoft.NET\Framework\v4.0.30319\Microsoft.Xaml.targets (35,5)
       Property reassignment: $(MSBuildAllProjects)=";C:\X-RAY\stcop\rgs\src\xrEngine\xrEngine.vcxproj;C:\Program Files (x86)\Microsoft Visual Studio\2019\Professional\MSBuild\Current\Bin\Microsoft.Common.targets;C:\X-RAY\stcop\rgs\src\xrEngine\xrEngine.vcxproj.user;C:\Program Files (x86)\Microsoft Visual Studio\2019\Professional\MSBuild\Current\Bin\Microsoft.Xaml.targets" (previous value: ";C:\X-RAY\stcop\rgs\src\xrEngine\xrEngine.vcxproj;C:\Program Files (x86)\Microsoft Visual Studio\2019\Professional\MSBuild\Current\Bin\Microsoft.Common.targets;C:\X-RAY\stcop\rgs\src\xrEngine\xrEngine.vcxproj.user") at C:\Windows\Microsoft.NET\Framework\v4.0.30319\Microsoft.Xaml.targets (48,5)
       Property reassignment: $(CoreCompileDependsOn)="
               DesignTimeXamlMarkupCompilation;
               
                 DesignTimeMarkupCompilation;
                 
             
           " (previous value: "
                 DesignTimeMarkupCompilation;
                 
             ") at C:\Windows\Microsoft.NET\Framework\v4.0.30319\Microsoft.Xaml.targets (76,5)
       Property reassignment: $(ResolveReferencesDependsOn)="
             
             
             BeforeResolveReferences;
             AssignProjectConfiguration;
             ResolveProjectReferences;
             FindInvalidProjectReferences;
             ResolveNativeReferences;
             ResolveAssemblyReferences;
             GenerateBindingRedirects;
             ResolveComReferences;
             AfterResolveReferences
           ;
             ImplicitlyExpandDesignTimeFacades
           ;
             ResolveTestReferences
           " (previous value: "
             
             BeforeResolveReferences;
             AssignProjectConfiguration;
             ResolveProjectReferences;
             FindInvalidProjectReferences;
             ResolveNativeReferences;
             ResolveAssemblyReferences;
             GenerateBindingRedirects;
             ResolveComReferences;
             AfterResolveReferences
           ;
             ImplicitlyExpandDesignTimeFacades
           ") at C:\Program Files (x86)\Microsoft Visual Studio\2019\Professional\MSBuild\Microsoft\VisualStudio\v16.0\TeamTest\Microsoft.TeamTest.targets (4,5)
       Property reassignment: $(MSBuildAllProjects)=";C:\X-RAY\stcop\rgs\src\xrEngine\xrEngine.vcxproj;C:\Program Files (x86)\Microsoft Visual Studio\2019\Professional\MSBuild\Current\Bin\Microsoft.Common.targets;C:\X-RAY\stcop\rgs\src\xrEngine\xrEngine.vcxproj.user;C:\Program Files (x86)\Microsoft Visual Studio\2019\Professional\MSBuild\Current\Bin\Microsoft.Xaml.targets;C:\Program Files (x86)\Microsoft Visual Studio\2019\Professional\Common7\IDE\CommonExtensions\Microsoft\NuGet\NuGet.targets" (previous value: ";C:\X-RAY\stcop\rgs\src\xrEngine\xrEngine.vcxproj;C:\Program Files (x86)\Microsoft Visual Studio\2019\Professional\MSBuild\Current\Bin\Microsoft.Common.targets;C:\X-RAY\stcop\rgs\src\xrEngine\xrEngine.vcxproj.user;C:\Program Files (x86)\Microsoft Visual Studio\2019\Professional\MSBuild\Current\Bin\Microsoft.Xaml.targets") at C:\Program Files (x86)\Microsoft Visual Studio\2019\Professional\Common7\IDE\CommonExtensions\Microsoft\NuGet\NuGet.targets (45,5)
       Search paths being used for $(MSBuildExtensionsPath) are C:\Program Files (x86)\Microsoft Visual Studio\2019\Professional\MSBuild;$(MSBuildProgramFiles32)\MSBuild
       Trying to import C:\Program Files (x86)\Microsoft Visual Studio\2019\Professional\MSBuild\$(MSBuildToolsVersion)\Microsoft.Common.targets\ImportAfter\* using extensions path C:\Program Files (x86)\Microsoft Visual Studio\2019\Professional\MSBuild
       Property reassignment: $(MSBuildAllProjects)=";C:\X-RAY\stcop\rgs\src\xrEngine\xrEngine.vcxproj;C:\Program Files (x86)\Microsoft Visual Studio\2019\Professional\MSBuild\Current\Bin\Microsoft.Common.targets;C:\X-RAY\stcop\rgs\src\xrEngine\xrEngine.vcxproj.user;C:\Program Files (x86)\Microsoft Visual Studio\2019\Professional\MSBuild\Current\Bin\Microsoft.Xaml.targets;C:\Program Files (x86)\Microsoft Visual Studio\2019\Professional\Common7\IDE\CommonExtensions\Microsoft\NuGet\NuGet.targets;C:\Program Files (x86)\Microsoft Visual Studio\2019\Professional\MSBuild\Current\Microsoft.Common.targets\ImportAfter\Microsoft.NET.Build.Extensions.targets" (previous value: ";C:\X-RAY\stcop\rgs\src\xrEngine\xrEngine.vcxproj;C:\Program Files (x86)\Microsoft Visual Studio\2019\Professional\MSBuild\Current\Bin\Microsoft.Common.targets;C:\X-RAY\stcop\rgs\src\xrEngine\xrEngine.vcxproj.user;C:\Program Files (x86)\Microsoft Visual Studio\2019\Professional\MSBuild\Current\Bin\Microsoft.Xaml.targets;C:\Program Files (x86)\Microsoft Visual Studio\2019\Professional\Common7\IDE\CommonExtensions\Microsoft\NuGet\NuGet.targets") at C:\Program Files (x86)\Microsoft Visual Studio\2019\Professional\MSBuild\Current\Microsoft.Common.targets\ImportAfter\Microsoft.NET.Build.Extensions.targets (14,5)
       Property reassignment: $(MSBuildAllProjects)=";C:\X-RAY\stcop\rgs\src\xrEngine\xrEngine.vcxproj;C:\Program Files (x86)\Microsoft Visual Studio\2019\Professional\MSBuild\Current\Bin\Microsoft.Common.targets;C:\X-RAY\stcop\rgs\src\xrEngine\xrEngine.vcxproj.user;C:\Program Files (x86)\Microsoft Visual Studio\2019\Professional\MSBuild\Current\Bin\Microsoft.Xaml.targets;C:\Program Files (x86)\Microsoft Visual Studio\2019\Professional\Common7\IDE\CommonExtensions\Microsoft\NuGet\NuGet.targets;C:\Program Files (x86)\Microsoft Visual Studio\2019\Professional\MSBuild\Current\Microsoft.Common.targets\ImportAfter\Microsoft.NET.Build.Extensions.targets;C:\Program Files (x86)\Microsoft Visual Studio\2019\Professional\MSBuild\Microsoft\Microsoft.NET.Build.Extensions\Microsoft.NET.Build.Extensions.targets" (previous value: ";C:\X-RAY\stcop\rgs\src\xrEngine\xrEngine.vcxproj;C:\Program Files (x86)\Microsoft Visual Studio\2019\Professional\MSBuild\Current\Bin\Microsoft.Common.targets;C:\X-RAY\stcop\rgs\src\xrEngine\xrEngine.vcxproj.user;C:\Program Files (x86)\Microsoft Visual Studio\2019\Professional\MSBuild\Current\Bin\Microsoft.Xaml.targets;C:\Program Files (x86)\Microsoft Visual Studio\2019\Professional\Common7\IDE\CommonExtensions\Microsoft\NuGet\NuGet.targets;C:\Program Files (x86)\Microsoft Visual Studio\2019\Professional\MSBuild\Current\Microsoft.Common.targets\ImportAfter\Microsoft.NET.Build.Extensions.targets") at C:\Program Files (x86)\Microsoft Visual Studio\2019\Professional\MSBuild\Microsoft\Microsoft.NET.Build.Extensions\Microsoft.NET.Build.Extensions.targets (15,5)
       Property reassignment: $(MSBuildAllProjects)=";C:\X-RAY\stcop\rgs\src\xrEngine\xrEngine.vcxproj;C:\Program Files (x86)\Microsoft Visual Studio\2019\Professional\MSBuild\Current\Bin\Microsoft.Common.targets;C:\X-RAY\stcop\rgs\src\xrEngine\xrEngine.vcxproj.user;C:\Program Files (x86)\Microsoft Visual Studio\2019\Professional\MSBuild\Current\Bin\Microsoft.Xaml.targets;C:\Program Files (x86)\Microsoft Visual Studio\2019\Professional\Common7\IDE\CommonExtensions\Microsoft\NuGet\NuGet.targets;C:\Program Files (x86)\Microsoft Visual Studio\2019\Professional\MSBuild\Current\Microsoft.Common.targets\ImportAfter\Microsoft.NET.Build.Extensions.targets;C:\Program Files (x86)\Microsoft Visual Studio\2019\Professional\MSBuild\Microsoft\Microsoft.NET.Build.Extensions\Microsoft.NET.Build.Extensions.targets;C:\Program Files (x86)\Microsoft Visual Studio\2019\Professional\MSBuild\Microsoft\Microsoft.NET.Build.Extensions\Microsoft.NET.Build.Extensions.NETFramework.targets" (previous value: ";C:\X-RAY\stcop\rgs\src\xrEngine\xrEngine.vcxproj;C:\Program Files (x86)\Microsoft Visual Studio\2019\Professional\MSBuild\Current\Bin\Microsoft.Common.targets;C:\X-RAY\stcop\rgs\src\xrEngine\xrEngine.vcxproj.user;C:\Program Files (x86)\Microsoft Visual Studio\2019\Professional\MSBuild\Current\Bin\Microsoft.Xaml.targets;C:\Program Files (x86)\Microsoft Visual Studio\2019\Professional\Common7\IDE\CommonExtensions\Microsoft\NuGet\NuGet.targets;C:\Program Files (x86)\Microsoft Visual Studio\2019\Professional\MSBuild\Current\Microsoft.Common.targets\ImportAfter\Microsoft.NET.Build.Extensions.targets;C:\Program Files (x86)\Microsoft Visual Studio\2019\Professional\MSBuild\Microsoft\Microsoft.NET.Build.Extensions\Microsoft.NET.Build.Extensions.targets") at C:\Program Files (x86)\Microsoft Visual Studio\2019\Professional\MSBuild\Microsoft\Microsoft.NET.Build.Extensions\Microsoft.NET.Build.Extensions.NETFramework.targets (15,5)
       Property reassignment: $(MSBuildAllProjects)=";C:\X-RAY\stcop\rgs\src\xrEngine\xrEngine.vcxproj;C:\Program Files (x86)\Microsoft Visual Studio\2019\Professional\MSBuild\Current\Bin\Microsoft.Common.targets;C:\X-RAY\stcop\rgs\src\xrEngine\xrEngine.vcxproj.user;C:\Program Files (x86)\Microsoft Visual Studio\2019\Professional\MSBuild\Current\Bin\Microsoft.Xaml.targets;C:\Program Files (x86)\Microsoft Visual Studio\2019\Professional\Common7\IDE\CommonExtensions\Microsoft\NuGet\NuGet.targets;C:\Program Files (x86)\Microsoft Visual Studio\2019\Professional\MSBuild\Current\Microsoft.Common.targets\ImportAfter\Microsoft.NET.Build.Extensions.targets;C:\Program Files (x86)\Microsoft Visual Studio\2019\Professional\MSBuild\Microsoft\Microsoft.NET.Build.Extensions\Microsoft.NET.Build.Extensions.targets;C:\Program Files (x86)\Microsoft Visual Studio\2019\Professional\MSBuild\Microsoft\Microsoft.NET.Build.Extensions\Microsoft.NET.Build.Extensions.NETFramework.targets;C:\Program Files (x86)\Microsoft Visual Studio\2019\Professional\MSBuild\Microsoft\Microsoft.NET.Build.Extensions\Microsoft.NET.Build.Extensions.ConflictResolution.targets" (previous value: ";C:\X-RAY\stcop\rgs\src\xrEngine\xrEngine.vcxproj;C:\Program Files (x86)\Microsoft Visual Studio\2019\Professional\MSBuild\Current\Bin\Microsoft.Common.targets;C:\X-RAY\stcop\rgs\src\xrEngine\xrEngine.vcxproj.user;C:\Program Files (x86)\Microsoft Visual Studio\2019\Professional\MSBuild\Current\Bin\Microsoft.Xaml.targets;C:\Program Files (x86)\Microsoft Visual Studio\2019\Professional\Common7\IDE\CommonExtensions\Microsoft\NuGet\NuGet.targets;C:\Program Files (x86)\Microsoft Visual Studio\2019\Professional\MSBuild\Current\Microsoft.Common.targets\ImportAfter\Microsoft.NET.Build.Extensions.targets;C:\Program Files (x86)\Microsoft Visual Studio\2019\Professional\MSBuild\Microsoft\Microsoft.NET.Build.Extensions\Microsoft.NET.Build.Extensions.targets;C:\Program Files (x86)\Microsoft Visual Studio\2019\Professional\MSBuild\Microsoft\Microsoft.NET.Build.Extensions\Microsoft.NET.Build.Extensions.NETFramework.targets") at C:\Program Files (x86)\Microsoft Visual Studio\2019\Professional\MSBuild\Microsoft\Microsoft.NET.Build.Extensions\Microsoft.NET.Build.Extensions.ConflictResolution.targets (15,5)
       Property reassignment: $(MSBuildAllProjects)=";C:\X-RAY\stcop\rgs\src\xrEngine\xrEngine.vcxproj;C:\Program Files (x86)\Microsoft Visual Studio\2019\Professional\MSBuild\Current\Bin\Microsoft.Common.targets;C:\X-RAY\stcop\rgs\src\xrEngine\xrEngine.vcxproj.user;C:\Program Files (x86)\Microsoft Visual Studio\2019\Professional\MSBuild\Current\Bin\Microsoft.Xaml.targets;C:\Program Files (x86)\Microsoft Visual Studio\2019\Professional\Common7\IDE\CommonExtensions\Microsoft\NuGet\NuGet.targets;C:\Program Files (x86)\Microsoft Visual Studio\2019\Professional\MSBuild\Current\Microsoft.Common.targets\ImportAfter\Microsoft.NET.Build.Extensions.targets;C:\Program Files (x86)\Microsoft Visual Studio\2019\Professional\MSBuild\Microsoft\Microsoft.NET.Build.Extensions\Microsoft.NET.Build.Extensions.targets;C:\Program Files (x86)\Microsoft Visual Studio\2019\Professional\MSBuild\Microsoft\Microsoft.NET.Build.Extensions\Microsoft.NET.Build.Extensions.NETFramework.targets;C:\Program Files (x86)\Microsoft Visual Studio\2019\Professional\MSBuild\Microsoft\Microsoft.NET.Build.Extensions\Microsoft.NET.Build.Extensions.ConflictResolution.targets;C:\Program Files (x86)\Microsoft Visual Studio\2019\Professional\MSBuild\Microsoft\Microsoft.NET.Build.Extensions\Microsoft.NET.DefaultPackageConflictOverrides.targets" (previous value: ";C:\X-RAY\stcop\rgs\src\xrEngine\xrEngine.vcxproj;C:\Program Files (x86)\Microsoft Visual Studio\2019\Professional\MSBuild\Current\Bin\Microsoft.Common.targets;C:\X-RAY\stcop\rgs\src\xrEngine\xrEngine.vcxproj.user;C:\Program Files (x86)\Microsoft Visual Studio\2019\Professional\MSBuild\Current\Bin\Microsoft.Xaml.targets;C:\Program Files (x86)\Microsoft Visual Studio\2019\Professional\Common7\IDE\CommonExtensions\Microsoft\NuGet\NuGet.targets;C:\Program Files (x86)\Microsoft Visual Studio\2019\Professional\MSBuild\Current\Microsoft.Common.targets\ImportAfter\Microsoft.NET.Build.Extensions.targets;C:\Program Files (x86)\Microsoft Visual Studio\2019\Professional\MSBuild\Microsoft\Microsoft.NET.Build.Extensions\Microsoft.NET.Build.Extensions.targets;C:\Program Files (x86)\Microsoft Visual Studio\2019\Professional\MSBuild\Microsoft\Microsoft.NET.Build.Extensions\Microsoft.NET.Build.Extensions.NETFramework.targets;C:\Program Files (x86)\Microsoft Visual Studio\2019\Professional\MSBuild\Microsoft\Microsoft.NET.Build.Extensions\Microsoft.NET.Build.Extensions.ConflictResolution.targets") at C:\Program Files (x86)\Microsoft Visual Studio\2019\Professional\MSBuild\Microsoft\Microsoft.NET.Build.Extensions\Microsoft.NET.DefaultPackageConflictOverrides.targets (15,5)
       Property reassignment: $(MSBuildAllProjects)=";C:\X-RAY\stcop\rgs\src\xrEngine\xrEngine.vcxproj;C:\Program Files (x86)\Microsoft Visual Studio\2019\Professional\MSBuild\Current\Bin\Microsoft.Common.targets;C:\X-RAY\stcop\rgs\src\xrEngine\xrEngine.vcxproj.user;C:\Program Files (x86)\Microsoft Visual Studio\2019\Professional\MSBuild\Current\Bin\Microsoft.Xaml.targets;C:\Program Files (x86)\Microsoft Visual Studio\2019\Professional\Common7\IDE\CommonExtensions\Microsoft\NuGet\NuGet.targets;C:\Program Files (x86)\Microsoft Visual Studio\2019\Professional\MSBuild\Current\Microsoft.Common.targets\ImportAfter\Microsoft.NET.Build.Extensions.targets;C:\Program Files (x86)\Microsoft Visual Studio\2019\Professional\MSBuild\Microsoft\Microsoft.NET.Build.Extensions\Microsoft.NET.Build.Extensions.targets;C:\Program Files (x86)\Microsoft Visual Studio\2019\Professional\MSBuild\Microsoft\Microsoft.NET.Build.Extensions\Microsoft.NET.Build.Extensions.NETFramework.targets;C:\Program Files (x86)\Microsoft Visual Studio\2019\Professional\MSBuild\Microsoft\Microsoft.NET.Build.Extensions\Microsoft.NET.Build.Extensions.ConflictResolution.targets;C:\Program Files (x86)\Microsoft Visual Studio\2019\Professional\MSBuild\Microsoft\Microsoft.NET.Build.Extensions\Microsoft.NET.DefaultPackageConflictOverrides.targets;C:\Program Files (x86)\Microsoft Visual Studio\2019\Professional\MSBuild\Microsoft\NuGet\16.0\Microsoft.NuGet.targets" (previous value: ";C:\X-RAY\stcop\rgs\src\xrEngine\xrEngine.vcxproj;C:\Program Files (x86)\Microsoft Visual Studio\2019\Professional\MSBuild\Current\Bin\Microsoft.Common.targets;C:\X-RAY\stcop\rgs\src\xrEngine\xrEngine.vcxproj.user;C:\Program Files (x86)\Microsoft Visual Studio\2019\Professional\MSBuild\Current\Bin\Microsoft.Xaml.targets;C:\Program Files (x86)\Microsoft Visual Studio\2019\Professional\Common7\IDE\CommonExtensions\Microsoft\NuGet\NuGet.targets;C:\Program Files (x86)\Microsoft Visual Studio\2019\Professional\MSBuild\Current\Microsoft.Common.targets\ImportAfter\Microsoft.NET.Build.Extensions.targets;C:\Program Files (x86)\Microsoft Visual Studio\2019\Professional\MSBuild\Microsoft\Microsoft.NET.Build.Extensions\Microsoft.NET.Build.Extensions.targets;C:\Program Files (x86)\Microsoft Visual Studio\2019\Professional\MSBuild\Microsoft\Microsoft.NET.Build.Extensions\Microsoft.NET.Build.Extensions.NETFramework.targets;C:\Program Files (x86)\Microsoft Visual Studio\2019\Professional\MSBuild\Microsoft\Microsoft.NET.Build.Extensions\Microsoft.NET.Build.Extensions.ConflictResolution.targets;C:\Program Files (x86)\Microsoft Visual Studio\2019\Professional\MSBuild\Microsoft\Microsoft.NET.Build.Extensions\Microsoft.NET.DefaultPackageConflictOverrides.targets") at C:\Program Files (x86)\Microsoft Visual Studio\2019\Professional\MSBuild\Microsoft\NuGet\16.0\Microsoft.NuGet.targets (67,5)
       Property reassignment: $(ResolveAssemblyReferencesDependsOn)="
             ResolveProjectReferences;
             FindInvalidProjectReferences;
             GetFrameworkPaths;
             GetReferenceAssemblyPaths;
             PrepareForBuild;
             ResolveSDKReferences;
             ExpandSDKReferences;
           ;ResolveNuGetPackageAssets" (previous value: "
             ResolveProjectReferences;
             FindInvalidProjectReferences;
             GetFrameworkPaths;
             GetReferenceAssemblyPaths;
             PrepareForBuild;
             ResolveSDKReferences;
             ExpandSDKReferences;
           ") at C:\Program Files (x86)\Microsoft Visual Studio\2019\Professional\MSBuild\Microsoft\NuGet\16.0\Microsoft.NuGet.targets (173,5)
       Property reassignment: $(PrepareResourcesDependsOn)="ResolveNuGetPackageAssets;
             XamlMarkupCompilePass1;
             XamlMarkupCompilePass2;
             
                       MarkupCompilePass1;
                       AfterMarkupCompilePass1;
                       MarkupCompilePass2ForMainAssembly;
                       FileClassification;
                       MainResourcesGeneration;
                       
             PrepareResourceNames;
             ResGen;
             CompileLicxFiles
           
              
           " (previous value: "
             XamlMarkupCompilePass1;
             XamlMarkupCompilePass2;
             
                       MarkupCompilePass1;
                       AfterMarkupCompilePass1;
                       MarkupCompilePass2ForMainAssembly;
                       FileClassification;
                       MainResourcesGeneration;
                       
             PrepareResourceNames;
             ResGen;
             CompileLicxFiles
           
              
           ") at C:\Program Files (x86)\Microsoft Visual Studio\2019\Professional\MSBuild\Microsoft\NuGet\16.0\Microsoft.NuGet.targets (174,5)
       Property reassignment: $(_HandlePackageFileConflictsAfter)="ResolveNuGetPackageAssets;ResolveNuGetPackageAssetsNonAOT" (previous value: "ResolveNuGetPackageAssets") at C:\Program Files (x86)\Microsoft Visual Studio\2019\Professional\MSBuild\Microsoft\NuGet\16.0\Microsoft.NuGet.targets (255,5)
       Property reassignment: $(BuildDependsOn)="
             _PrepareForBuild;
             
             ResolveReferences;
             PrepareForBuild;
             InitializeBuildStatus;
             BuildGenerateSources;
             BuildCompile;
             BuildLink;
           ;
             AfterBuild;
             FinalizeBuildStatus;
           " (previous value: "
             EntityDeploy;
             
             BeforeBuild;
             CoreBuild;
             AfterBuild
           
           ") at C:\Program Files (x86)\MSBuild\Microsoft.Cpp\v4.0\V140\Microsoft.BuildSteps.Targets (88,5)
       Property reassignment: $(RebuildDependsOn)="
             _PrepareForRebuild;
             
             BeforeRebuild;
             Clean;
             Build;
             AfterRebuild;
           ;
           " (previous value: "
             BeforeRebuild;
             Clean;
             Build;
             AfterRebuild;
           ") at C:\Program Files (x86)\MSBuild\Microsoft.Cpp\v4.0\V140\Microsoft.BuildSteps.Targets (95,5)
       Property reassignment: $(CleanDependsOn)="
             _PrepareForClean;
             
             
             BeforeClean;
             UnmanagedUnregistration;
             CoreClean;
             CleanReferencedProjects;
             CleanPublishFolder;
             AfterClean
           ;
             EntityClean;
           ;
           " (previous value: "
             
             BeforeClean;
             UnmanagedUnregistration;
             CoreClean;
             CleanReferencedProjects;
             CleanPublishFolder;
             AfterClean
           ;
             EntityClean;
           ") at C:\Program Files (x86)\MSBuild\Microsoft.Cpp\v4.0\V140\Microsoft.BuildSteps.Targets (100,5)
       Property reassignment: $(BeforeBuildGenerateSourcesTargets)="
             
             ;
             BeforeBuildGenerateSources;
           ;
           " (previous value: "
             ;
             BeforeBuildGenerateSources;
           ") at C:\Program Files (x86)\MSBuild\Microsoft.Cpp\v4.0\V140\Microsoft.CppBuild.targets (53,5)
       Property reassignment: $(AfterBuildGenerateSourcesTargets)="
             
             ;
             AfterBuildGenerateSources;
           ;
             AfterBuildGenerateSourcesEvent;
           " (previous value: "
             ;
             AfterBuildGenerateSources;
           ") at C:\Program Files (x86)\MSBuild\Microsoft.Cpp\v4.0\V140\Microsoft.CppBuild.targets (64,5)
       Property reassignment: $(BuildGenerateSourcesAction)="_BuildGenerateSourcesAction" (previous value: "Build") at C:\Program Files (x86)\MSBuild\Microsoft.Cpp\v4.0\V140\Microsoft.CppBuild.targets (117,5)
       Property reassignment: $(BuildCompileAction)="_BuildCompileAction" (previous value: "Build") at C:\Program Files (x86)\MSBuild\Microsoft.Cpp\v4.0\V140\Microsoft.CppBuild.targets (118,5)
       Property reassignment: $(BuildLinkAction)="_BuildLinkAction" (previous value: "Build") at C:\Program Files (x86)\MSBuild\Microsoft.Cpp\v4.0\V140\Microsoft.CppBuild.targets (119,5)
       Property reassignment: $(DetermineProjectTypeTargets)="_PrepareForReferenceResolution;_PrepareForReferenceResolution;" (previous value: "_PrepareForReferenceResolution;") at C:\Program Files (x86)\MSBuild\Microsoft.Cpp\v4.0\V140\Microsoft.CppBuild.targets (206,5)
       Property reassignment: $(ResolveReferencesDependsOn)="_PrepareForReferenceResolution;ComputeCrtSDKReference;
             
             
             BeforeResolveReferences;
             AssignProjectConfiguration;
             ResolveProjectReferences;
             FindInvalidProjectReferences;
             ResolveNativeReferences;
             ResolveAssemblyReferences;
             GenerateBindingRedirects;
             ResolveComReferences;
             AfterResolveReferences
           ;
             ImplicitlyExpandDesignTimeFacades
           ;
             ResolveTestReferences
           " (previous value: "
             
             
             BeforeResolveReferences;
             AssignProjectConfiguration;
             ResolveProjectReferences;
             FindInvalidProjectReferences;
             ResolveNativeReferences;
             ResolveAssemblyReferences;
             GenerateBindingRedirects;
             ResolveComReferences;
             AfterResolveReferences
           ;
             ImplicitlyExpandDesignTimeFacades
           ;
             ResolveTestReferences
           ") at C:\Program Files (x86)\MSBuild\Microsoft.Cpp\v4.0\V140\Microsoft.CppBuild.targets (258,5)
       Property reassignment: $(ResolveAssemblyReferencesDependsOn)="_PrepareForReferenceResolution;
             ResolveProjectReferences;
             FindInvalidProjectReferences;
             GetFrameworkPaths;
             GetReferenceAssemblyPaths;
             PrepareForBuild;
             ResolveSDKReferences;
             ExpandSDKReferences;
           ;ResolveNuGetPackageAssets" (previous value: "
             ResolveProjectReferences;
             FindInvalidProjectReferences;
             GetFrameworkPaths;
             GetReferenceAssemblyPaths;
             PrepareForBuild;
             ResolveSDKReferences;
             ExpandSDKReferences;
           ;ResolveNuGetPackageAssets") at C:\Program Files (x86)\MSBuild\Microsoft.Cpp\v4.0\V140\Microsoft.CppBuild.targets (259,5)
       Property reassignment: $(ResolveSDKReferencesDependsOn)="_PrepareForReferenceResolution;ComputeCrtSDKReference;
             GetInstalledSDKLocations
           " (previous value: "
             GetInstalledSDKLocations
           ") at C:\Program Files (x86)\MSBuild\Microsoft.Cpp\v4.0\V140\Microsoft.CppBuild.targets (260,5)
       Property reassignment: $(ComputeLinkInputsTargets)="
             
             ;
             ComputeRCGeneratedLinkInputs;
           ;
             ComputeManifestGeneratedLinkerInputs;
           " (previous value: "
             ;
             ComputeRCGeneratedLinkInputs;
           ") at C:\Program Files (x86)\MSBuild\Microsoft.Cpp\v4.0\V140\Microsoft.CppBuild.targets (816,5)
       Property reassignment: $(ComputeCompileInputsTargets)="
             
             ;
             ComputeMIDLGeneratedCompileInputs;
           ;
             ComputeCLInputPDBName;
             ComputeReferenceCLInput;
             WarnCompileDuplicatedFilename
           " (previous value: "
             ;
             ComputeMIDLGeneratedCompileInputs;
           ") at C:\Program Files (x86)\MSBuild\Microsoft.Cpp\v4.0\V140\Microsoft.CppBuild.targets (957,5)
       Property reassignment: $(ComputeLinkInputsTargets)="
             
             
             ;
             ComputeRCGeneratedLinkInputs;
           ;
             ComputeManifestGeneratedLinkerInputs;
           ;
             ComputeCustomBuildOutput;
           " (previous value: "
             
             ;
             ComputeRCGeneratedLinkInputs;
           ;
             ComputeManifestGeneratedLinkerInputs;
           ") at C:\Program Files (x86)\MSBuild\Microsoft.Cpp\v4.0\V140\Microsoft.CppBuild.targets (999,5)
       Property reassignment: $(ComputeLibInputsTargets)="
             
             ;
             ComputeRCGeneratedLibInputs;
           ;
             ComputeCustomBuildOutput;
           " (previous value: "
             ;
             ComputeRCGeneratedLibInputs;
           ") at C:\Program Files (x86)\MSBuild\Microsoft.Cpp\v4.0\V140\Microsoft.CppBuild.targets (1006,5)
       Property reassignment: $(ComputeImpLibInputsTargets)="
             
             
             ;
             ComputeRCGeneratedLibInputs;
           ;
             ComputeRCGeneratedImpLibInputs;
           ;
             ComputeCustomBuildOutput;
           " (previous value: "
             
             ;
             ComputeRCGeneratedLibInputs;
           ;
             ComputeRCGeneratedImpLibInputs;
           ") at C:\Program Files (x86)\MSBuild\Microsoft.Cpp\v4.0\V140\Microsoft.CppBuild.targets (1013,5)
       Property reassignment: $(ComputeLinkInputsTargets)="
             
             
             
             ;
             ComputeRCGeneratedLinkInputs;
           ;
             ComputeManifestGeneratedLinkerInputs;
           ;
             ComputeCustomBuildOutput;
           ;
             ComputeCLGeneratedLinkInputs;
           " (previous value: "
             
             
             ;
             ComputeRCGeneratedLinkInputs;
           ;
             ComputeManifestGeneratedLinkerInputs;
           ;
             ComputeCustomBuildOutput;
           ") at C:\Program Files (x86)\MSBuild\Microsoft.Cpp\v4.0\V140\Microsoft.CppBuild.targets (1073,5)
       Property reassignment: $(ComputeLibInputsTargets)="
             
             
             ;
             ComputeRCGeneratedLibInputs;
           ;
             ComputeCustomBuildOutput;
           ;
             ComputeCLGeneratedLibInputs;
           " (previous value: "
             
             ;
             ComputeRCGeneratedLibInputs;
           ;
             ComputeCustomBuildOutput;
           ") at C:\Program Files (x86)\MSBuild\Microsoft.Cpp\v4.0\V140\Microsoft.CppBuild.targets (1088,5)
       Property reassignment: $(ComputeImpLibInputsTargets)="
             
             
             
             ;
             ComputeRCGeneratedLibInputs;
           ;
             ComputeRCGeneratedImpLibInputs;
           ;
             ComputeCustomBuildOutput;
           ;
             ComputeCLGeneratedImpLibInputs;
           " (previous value: "
             
             
             ;
             ComputeRCGeneratedLibInputs;
           ;
             ComputeRCGeneratedImpLibInputs;
           ;
             ComputeCustomBuildOutput;
           ") at C:\Program Files (x86)\MSBuild\Microsoft.Cpp\v4.0\V140\Microsoft.CppBuild.targets (1103,5)
       Property reassignment: $(ComputeLinkInputsTargets)="
               
             
             
             
             ;
             ComputeRCGeneratedLinkInputs;
           ;
             ComputeManifestGeneratedLinkerInputs;
           ;
             ComputeCustomBuildOutput;
           ;
             ComputeCLGeneratedLinkInputs;
           ;
               ComputeLinkInputsFromProject;
             " (previous value: "
             
             
             
             ;
             ComputeRCGeneratedLinkInputs;
           ;
             ComputeManifestGeneratedLinkerInputs;
           ;
             ComputeCustomBuildOutput;
           ;
             ComputeCLGeneratedLinkInputs;
           ") at C:\Program Files (x86)\MSBuild\Microsoft.Cpp\v4.0\V140\Microsoft.CppBuild.targets (1134,7)
       Property reassignment: $(ComputeLibInputsTargets)="
               
             
             
             ;
             ComputeRCGeneratedLibInputs;
           ;
             ComputeCustomBuildOutput;
           ;
             ComputeCLGeneratedLibInputs;
           ;
               ComputeLibInputsFromProject;
             " (previous value: "
             
             
             ;
             ComputeRCGeneratedLibInputs;
           ;
             ComputeCustomBuildOutput;
           ;
             ComputeCLGeneratedLibInputs;
           ") at C:\Program Files (x86)\MSBuild\Microsoft.Cpp\v4.0\V140\Microsoft.CppBuild.targets (1152,7)
       Property reassignment: $(ComputeImpLibInputsTargets)="
               
             
             
             
             ;
             ComputeRCGeneratedLibInputs;
           ;
             ComputeRCGeneratedImpLibInputs;
           ;
             ComputeCustomBuildOutput;
           ;
             ComputeCLGeneratedImpLibInputs;
           ;
               ComputeImpLibInputsFromProject;
             " (previous value: "
             
             
             
             ;
             ComputeRCGeneratedLibInputs;
           ;
             ComputeRCGeneratedImpLibInputs;
           ;
             ComputeCustomBuildOutput;
           ;
             ComputeCLGeneratedImpLibInputs;
           ") at C:\Program Files (x86)\MSBuild\Microsoft.Cpp\v4.0\V140\Microsoft.CppBuild.targets (1170,7)
       Property reassignment: $(ComputeLinkInputsTargets)="
             
               
             
             
             
             ;
             ComputeRCGeneratedLinkInputs;
           ;
             ComputeManifestGeneratedLinkerInputs;
           ;
             ComputeCustomBuildOutput;
           ;
             ComputeCLGeneratedLinkInputs;
           ;
               ComputeLinkInputsFromProject;
             ;
             ComputeReferenceLinkInputs;
           " (previous value: "
               
             
             
             
             ;
             ComputeRCGeneratedLinkInputs;
           ;
             ComputeManifestGeneratedLinkerInputs;
           ;
             ComputeCustomBuildOutput;
           ;
             ComputeCLGeneratedLinkInputs;
           ;
               ComputeLinkInputsFromProject;
             ") at C:\Program Files (x86)\MSBuild\Microsoft.Cpp\v4.0\V140\Microsoft.CppBuild.targets (1305,5)
       Property reassignment: $(ComputeLibInputsTargets)="
             
               
             
             
             ;
             ComputeRCGeneratedLibInputs;
           ;
             ComputeCustomBuildOutput;
           ;
             ComputeCLGeneratedLibInputs;
           ;
               ComputeLibInputsFromProject;
             ;
             ComputeReferenceLibInputs;
           " (previous value: "
               
             
             
             ;
             ComputeRCGeneratedLibInputs;
           ;
             ComputeCustomBuildOutput;
           ;
             ComputeCLGeneratedLibInputs;
           ;
               ComputeLibInputsFromProject;
             ") at C:\Program Files (x86)\MSBuild\Microsoft.Cpp\v4.0\V140\Microsoft.CppBuild.targets (1338,5)
       Property reassignment: $(ComputeLibInputsTargets)="
             ComputeLibAdditionalOptions;
             
             
               
             
             
             ;
             ComputeRCGeneratedLibInputs;
           ;
             ComputeCustomBuildOutput;
           ;
             ComputeCLGeneratedLibInputs;
           ;
               ComputeLibInputsFromProject;
             ;
             ComputeReferenceLibInputs;
           
           " (previous value: "
             
               
             
             
             ;
             ComputeRCGeneratedLibInputs;
           ;
             ComputeCustomBuildOutput;
           ;
             ComputeCLGeneratedLibInputs;
           ;
               ComputeLibInputsFromProject;
             ;
             ComputeReferenceLibInputs;
           ") at C:\Program Files (x86)\MSBuild\Microsoft.Cpp\v4.0\V140\Microsoft.CppBuild.targets (1395,5)
       Property reassignment: $(DocumentationProjectOutputGroupDependsOn)="ResolvedXDCMake;ComputeCLCompileGeneratedXDCFiles" (previous value: "") at C:\Program Files (x86)\MSBuild\Microsoft.Cpp\v4.0\V140\Microsoft.CppBuild.targets (1817,5)
       Property reassignment: $(ContentFilesProjectOutputGroupDependsOn)="PrepareForBuild;AssignTargetPaths;PrepareForBuild;AssignTargetPaths;MakeDirsForFxc" (previous value: "PrepareForBuild;AssignTargetPaths") at C:\Program Files (x86)\MSBuild\Microsoft.Cpp\v4.0\V140\Microsoft.CppBuild.targets (1883,5)
       Property reassignment: $(ComputeCompileInputsTargets)="
             
             
             ;
             ComputeMIDLGeneratedCompileInputs;
           ;
             ComputeCLInputPDBName;
             ComputeReferenceCLInput;
             WarnCompileDuplicatedFilename
           ;
             FixupCLCompileOptions;
           " (previous value: "
             
             ;
             ComputeMIDLGeneratedCompileInputs;
           ;
             ComputeCLInputPDBName;
             ComputeReferenceCLInput;
             WarnCompileDuplicatedFilename
           ") at C:\Program Files (x86)\MSBuild\Microsoft.Cpp\v4.0\V140\Microsoft.CppCommon.targets (211,5)
       Property reassignment: $(BuildingProject)="true" (previous value: "false") at C:\Program Files (x86)\MSBuild\Microsoft.Cpp\v4.0\V140\Microsoft.CppCommon.targets (1454,5)
       Property reassignment: $(PrepareForBuildDependsOn)="Desktop_PlatformPrepareForBuild;GetFrameworkPaths;GetReferenceAssemblyPaths;AssignLinkMetadata;SetCABuildNativeEnvironmentVariables" (previous value: "GetFrameworkPaths;GetReferenceAssemblyPaths;AssignLinkMetadata;SetCABuildNativeEnvironmentVariables") at C:\Program Files (x86)\MSBuild\Microsoft.Cpp\v4.0\V140\Platforms\x64\PlatformToolsets\v140\Toolset.targets (23,5)
       Property reassignment: $(PrepareForBuildDependsOn)="PlatformPrepareForBuild;Desktop_PlatformPrepareForBuild;GetFrameworkPaths;GetReferenceAssemblyPaths;AssignLinkMetadata;SetCABuildNativeEnvironmentVariables" (previous value: "Desktop_PlatformPrepareForBuild;GetFrameworkPaths;GetReferenceAssemblyPaths;AssignLinkMetadata;SetCABuildNativeEnvironmentVariables") at C:\Program Files (x86)\MSBuild\Microsoft.Cpp\v4.0\V140\Microsoft.Cpp.Platform.targets (34,5)
       Property reassignment: $(CleanDependsOn)="
             
             _PrepareForClean;
             
             
             BeforeClean;
             UnmanagedUnregistration;
             CoreClean;
             CleanReferencedProjects;
             CleanPublishFolder;
             AfterClean
           ;
             EntityClean;
           ;
           ;
             CppClean
           " (previous value: "
             _PrepareForClean;
             
             
             BeforeClean;
             UnmanagedUnregistration;
             CoreClean;
             CleanReferencedProjects;
             CleanPublishFolder;
             AfterClean
           ;
             EntityClean;
           ;
           ") at C:\Program Files (x86)\MSBuild\Microsoft.Cpp\v4.0\V140\Microsoft.CppClean.targets (22,5)
       Property reassignment: $(CppCleanDependsOn)="
             BeforeCppClean;
             ;
             CoreCppClean;
             AfterCppClean;
           ;PGInstrumentedClean" (previous value: "
             BeforeCppClean;
             ;
             CoreCppClean;
             AfterCppClean;
           ") at C:\Program Files (x86)\MSBuild\Microsoft.Cpp\v4.0\V140\Microsoft.CppClean.targets (91,5)
       Property reassignment: $(RequiredBundles)="" (previous value: "VC_140ToolsAndLibs;") at C:\Program Files (x86)\Microsoft Visual Studio\2019\Professional\MSBuild\Microsoft\VC\v160\Microsoft.Cpp.Redirect.14.targets (30,5)
       Property reassignment: $(_ImportMicrosoftCppDesignTime)="true" (previous value: "false") at C:\Program Files (x86)\Microsoft Visual Studio\2019\Professional\MSBuild\Microsoft\VC\v160\Microsoft.Cpp.Redirect.targets (27,5)
       Property reassignment: $(BuildDependsOn)="SetTelemetryEnvironmentVariables;
             _PrepareForBuild;
             
             ResolveReferences;
             PrepareForBuild;
             InitializeBuildStatus;
             BuildGenerateSources;
             BuildCompile;
             BuildLink;
           ;
             AfterBuild;
             FinalizeBuildStatus;
           " (previous value: "
             _PrepareForBuild;
             
             ResolveReferences;
             PrepareForBuild;
             InitializeBuildStatus;
             BuildGenerateSources;
             BuildCompile;
             BuildLink;
           ;
             AfterBuild;
             FinalizeBuildStatus;
           ") at C:\Program Files (x86)\Microsoft Visual Studio\2019\Professional\MSBuild\Microsoft\VC\v160\Microsoft.Cpp.DesignTime.targets (477,5)
       Property reassignment: $(RebuildDependsOn)="SetTelemetryEnvironmentVariables;
             _PrepareForRebuild;
             
             BeforeRebuild;
             Clean;
             Build;
             AfterRebuild;
           ;
           " (previous value: "
             _PrepareForRebuild;
             
             BeforeRebuild;
             Clean;
             Build;
             AfterRebuild;
           ;
           ") at C:\Program Files (x86)\Microsoft Visual Studio\2019\Professional\MSBuild\Microsoft\VC\v160\Microsoft.Cpp.DesignTime.targets (478,5)
       Property reassignment: $(MSBuildAllProjects)="C:\X-RAY\stcop\rgs\src\xrEngine\xrEngine.vcxproj;;C:\X-RAY\stcop\rgs\src\xrEngine\xrEngine.vcxproj;C:\Program Files (x86)\Microsoft Visual Studio\2019\Professional\MSBuild\Current\Bin\Microsoft.Common.targets;C:\X-RAY\stcop\rgs\src\xrEngine\xrEngine.vcxproj.user;C:\Program Files (x86)\Microsoft Visual Studio\2019\Professional\MSBuild\Current\Bin\Microsoft.Xaml.targets;C:\Program Files (x86)\Microsoft Visual Studio\2019\Professional\Common7\IDE\CommonExtensions\Microsoft\NuGet\NuGet.targets;C:\Program Files (x86)\Microsoft Visual Studio\2019\Professional\MSBuild\Current\Microsoft.Common.targets\ImportAfter\Microsoft.NET.Build.Extensions.targets;C:\Program Files (x86)\Microsoft Visual Studio\2019\Professional\MSBuild\Microsoft\Microsoft.NET.Build.Extensions\Microsoft.NET.Build.Extensions.targets;C:\Program Files (x86)\Microsoft Visual Studio\2019\Professional\MSBuild\Microsoft\Microsoft.NET.Build.Extensions\Microsoft.NET.Build.Extensions.NETFramework.targets;C:\Program Files (x86)\Microsoft Visual Studio\2019\Professional\MSBuild\Microsoft\Microsoft.NET.Build.Extensions\Microsoft.NET.Build.Extensions.ConflictResolution.targets;C:\Program Files (x86)\Microsoft Visual Studio\2019\Professional\MSBuild\Microsoft\Microsoft.NET.Build.Extensions\Microsoft.NET.DefaultPackageConflictOverrides.targets;C:\Program Files (x86)\Microsoft Visual Studio\2019\Professional\MSBuild\Microsoft\NuGet\16.0\Microsoft.NuGet.targets" (previous value: ";C:\X-RAY\stcop\rgs\src\xrEngine\xrEngine.vcxproj;C:\Program Files (x86)\Microsoft Visual Studio\2019\Professional\MSBuild\Current\Bin\Microsoft.Common.targets;C:\X-RAY\stcop\rgs\src\xrEngine\xrEngine.vcxproj.user;C:\Program Files (x86)\Microsoft Visual Studio\2019\Professional\MSBuild\Current\Bin\Microsoft.Xaml.targets;C:\Program Files (x86)\Microsoft Visual Studio\2019\Professional\Common7\IDE\CommonExtensions\Microsoft\NuGet\NuGet.targets;C:\Program Files (x86)\Microsoft Visual Studio\2019\Professional\MSBuild\Current\Microsoft.Common.targets\ImportAfter\Microsoft.NET.Build.Extensions.targets;C:\Program Files (x86)\Microsoft Visual Studio\2019\Professional\MSBuild\Microsoft\Microsoft.NET.Build.Extensions\Microsoft.NET.Build.Extensions.targets;C:\Program Files (x86)\Microsoft Visual Studio\2019\Professional\MSBuild\Microsoft\Microsoft.NET.Build.Extensions\Microsoft.NET.Build.Extensions.NETFramework.targets;C:\Program Files (x86)\Microsoft Visual Studio\2019\Professional\MSBuild\Microsoft\Microsoft.NET.Build.Extensions\Microsoft.NET.Build.Extensions.ConflictResolution.targets;C:\Program Files (x86)\Microsoft Visual Studio\2019\Professional\MSBuild\Microsoft\Microsoft.NET.Build.Extensions\Microsoft.NET.DefaultPackageConflictOverrides.targets;C:\Program Files (x86)\Microsoft Visual Studio\2019\Professional\MSBuild\Microsoft\NuGet\16.0\Microsoft.NuGet.targets") at 
       Overriding target "GetFrameworkPaths" in project "C:\Program Files (x86)\Microsoft Visual Studio\2019\Professional\MSBuild\Current\Bin\Microsoft.Common.CurrentVersion.targets" with target "GetFrameworkPaths" from project "C:\Program Files (x86)\Microsoft Visual Studio\2019\Professional\MSBuild\Current\Bin\Microsoft.NETFramework.CurrentVersion.targets".
       Overriding target "SatelliteDllsProjectOutputGroup" in project "C:\Program Files (x86)\Microsoft Visual Studio\2019\Professional\MSBuild\Current\Bin\Microsoft.Common.CurrentVersion.targets" with target "SatelliteDllsProjectOutputGroup" from project "C:\Windows\Microsoft.NET\Framework\v4.0.30319\Microsoft.WinFx.targets".
       Overriding target "GenerateTargetFrameworkMonikerAttribute" in project "C:\Program Files (x86)\Microsoft Visual Studio\2019\Professional\MSBuild\Current\Bin\Microsoft.Common.CurrentVersion.targets" with target "GenerateTargetFrameworkMonikerAttribute" from project "C:\Program Files (x86)\MSBuild\Microsoft.Cpp\v4.0\V140\Microsoft.BuildSteps.Targets".
       Overriding target "Build" in project "C:\Program Files (x86)\Microsoft Visual Studio\2019\Professional\MSBuild\Current\Bin\Microsoft.Common.CurrentVersion.targets" with target "Build" from project "C:\Program Files (x86)\MSBuild\Microsoft.Cpp\v4.0\V140\Microsoft.BuildSteps.Targets".
       Overriding target "Rebuild" in project "C:\Program Files (x86)\Microsoft Visual Studio\2019\Professional\MSBuild\Current\Bin\Microsoft.Common.CurrentVersion.targets" with target "Rebuild" from project "C:\Program Files (x86)\MSBuild\Microsoft.Cpp\v4.0\V140\Microsoft.BuildSteps.Targets".
       Overriding target "AfterBuild" in project "C:\Program Files (x86)\Microsoft Visual Studio\2019\Professional\MSBuild\Current\Bin\Microsoft.Common.CurrentVersion.targets" with target "AfterBuild" from project "C:\Program Files (x86)\MSBuild\Microsoft.Cpp\v4.0\V140\Microsoft.BuildSteps.Targets".
       Overriding target "_PrepareForReferenceResolution" in project "C:\Program Files (x86)\Microsoft Visual Studio\2019\Professional\MSBuild\Microsoft\VC\v160\Microsoft.Cpp.Redirect.14.targets" with target "_PrepareForReferenceResolution" from project "C:\Program Files (x86)\MSBuild\Microsoft.Cpp\v4.0\V140\Microsoft.CppBuild.targets".
       Overriding target "PrepareForBuild" in project "C:\Program Files (x86)\Microsoft Visual Studio\2019\Professional\MSBuild\Current\Bin\Microsoft.Common.CurrentVersion.targets" with target "PrepareForBuild" from project "C:\Program Files (x86)\MSBuild\Microsoft.Cpp\v4.0\V140\Microsoft.CppBuild.targets".
       Overriding target "GetTargetPath" in project "C:\Program Files (x86)\Microsoft Visual Studio\2019\Professional\MSBuild\Current\Bin\Microsoft.Common.CurrentVersion.targets" with target "GetTargetPath" from project "C:\Program Files (x86)\MSBuild\Microsoft.Cpp\v4.0\V140\Microsoft.CppBuild.targets".
       Overriding target "ComputeIntermediateSatelliteAssemblies" in project "C:\Program Files (x86)\Microsoft Visual Studio\2019\Professional\MSBuild\Current\Bin\Microsoft.Common.CurrentVersion.targets" with target "ComputeIntermediateSatelliteAssemblies" from project "C:\Program Files (x86)\MSBuild\Microsoft.Cpp\v4.0\V140\Microsoft.CppBuild.targets".
       Overriding target "ClCompile" in project "C:\Program Files (x86)\MSBuild\Microsoft.Cpp\v4.0\V140\Microsoft.CppBuild.targets" with target "ClCompile" from project "C:\Program Files (x86)\MSBuild\Microsoft.Cpp\v4.0\V140\Microsoft.CppBuild.targets".
       Overriding target "ResourceCompile" in project "C:\Program Files (x86)\MSBuild\Microsoft.Cpp\v4.0\V140\Microsoft.CppBuild.targets" with target "ResourceCompile" from project "C:\Program Files (x86)\MSBuild\Microsoft.Cpp\v4.0\V140\Microsoft.CppBuild.targets".
       Overriding target "Lib" in project "C:\Program Files (x86)\MSBuild\Microsoft.Cpp\v4.0\V140\Microsoft.CppBuild.targets" with target "Lib" from project "C:\Program Files (x86)\MSBuild\Microsoft.Cpp\v4.0\V140\Microsoft.CppBuild.targets".
       Overriding target "Link" in project "C:\Program Files (x86)\MSBuild\Microsoft.Cpp\v4.0\V140\Microsoft.CppBuild.targets" with target "Link" from project "C:\Program Files (x86)\MSBuild\Microsoft.Cpp\v4.0\V140\Microsoft.CppBuild.targets".
       Overriding target "AllProjectOutputGroups" in project "C:\Program Files (x86)\Microsoft Visual Studio\2019\Professional\MSBuild\Current\Bin\Microsoft.Common.CurrentVersion.targets" with target "AllProjectOutputGroups" from project "C:\Program Files (x86)\MSBuild\Microsoft.Cpp\v4.0\V140\Microsoft.CppBuild.targets".
       Overriding target "BuiltProjectOutputGroup" in project "C:\Program Files (x86)\Microsoft Visual Studio\2019\Professional\MSBuild\Current\Bin\Microsoft.Common.CurrentVersion.targets" with target "BuiltProjectOutputGroup" from project "C:\Program Files (x86)\MSBuild\Microsoft.Cpp\v4.0\V140\Microsoft.CppBuild.targets".
       Overriding target "DebugSymbolsProjectOutputGroup" in project "C:\Program Files (x86)\Microsoft Visual Studio\2019\Professional\MSBuild\Current\Bin\Microsoft.Common.CurrentVersion.targets" with target "DebugSymbolsProjectOutputGroup" from project "C:\Program Files (x86)\MSBuild\Microsoft.Cpp\v4.0\V140\Microsoft.CppBuild.targets".
       Overriding target "DocumentationProjectOutputGroup" in project "C:\Program Files (x86)\Microsoft Visual Studio\2019\Professional\MSBuild\Current\Bin\Microsoft.Common.CurrentVersion.targets" with target "DocumentationProjectOutputGroup" from project "C:\Program Files (x86)\MSBuild\Microsoft.Cpp\v4.0\V140\Microsoft.CppBuild.targets".
       Overriding target "SourceFilesProjectOutputGroup" in project "C:\Program Files (x86)\Microsoft Visual Studio\2019\Professional\MSBuild\Current\Bin\Microsoft.Common.CurrentVersion.targets" with target "SourceFilesProjectOutputGroup" from project "C:\Program Files (x86)\MSBuild\Microsoft.Cpp\v4.0\V140\Microsoft.CppBuild.targets".
       Overriding target "ContentFilesProjectOutputGroup" in project "C:\Program Files (x86)\Microsoft Visual Studio\2019\Professional\MSBuild\Current\Bin\Microsoft.Common.CurrentVersion.targets" with target "ContentFilesProjectOutputGroup" from project "C:\Program Files (x86)\MSBuild\Microsoft.Cpp\v4.0\V140\Microsoft.CppBuild.targets".
       Overriding target "AllProjectOutputGroupsDependencies" in project "C:\Program Files (x86)\Microsoft Visual Studio\2019\Professional\MSBuild\Current\Bin\Microsoft.Common.CurrentVersion.targets" with target "AllProjectOutputGroupsDependencies" from project "C:\Program Files (x86)\MSBuild\Microsoft.Cpp\v4.0\V140\Microsoft.CppBuild.targets".
       Overriding target "BuiltProjectOutputGroupDependencies" in project "C:\Program Files (x86)\Microsoft Visual Studio\2019\Professional\MSBuild\Current\Bin\Microsoft.Common.CurrentVersion.targets" with target "BuiltProjectOutputGroupDependencies" from project "C:\Program Files (x86)\MSBuild\Microsoft.Cpp\v4.0\V140\Microsoft.CppBuild.targets".
       Overriding target "DebugSymbolsProjectOutputGroupDependencies" in project "C:\Program Files (x86)\Microsoft Visual Studio\2019\Professional\MSBuild\Current\Bin\Microsoft.Common.CurrentVersion.targets" with target "DebugSymbolsProjectOutputGroupDependencies" from project "C:\Program Files (x86)\MSBuild\Microsoft.Cpp\v4.0\V140\Microsoft.CppBuild.targets".
       Overriding target "DocumentationProjectOutputGroupDependencies" in project "C:\Program Files (x86)\Microsoft Visual Studio\2019\Professional\MSBuild\Current\Bin\Microsoft.Common.CurrentVersion.targets" with target "DocumentationProjectOutputGroupDependencies" from project "C:\Program Files (x86)\MSBuild\Microsoft.Cpp\v4.0\V140\Microsoft.CppBuild.targets".
       Overriding target "PreBuildEvent" in project "C:\Program Files (x86)\Microsoft Visual Studio\2019\Professional\MSBuild\Current\Bin\Microsoft.Common.CurrentVersion.targets" with target "PreBuildEvent" from project "C:\Program Files (x86)\MSBuild\Microsoft.Cpp\v4.0\V140\Microsoft.CppCommon.targets".
       Overriding target "PostBuildEvent" in project "C:\Program Files (x86)\Microsoft Visual Studio\2019\Professional\MSBuild\Current\Bin\Microsoft.Common.CurrentVersion.targets" with target "PostBuildEvent" from project "C:\Program Files (x86)\MSBuild\Microsoft.Cpp\v4.0\V140\Microsoft.CppCommon.targets".
       Overriding target "ClCompile" in project "C:\Program Files (x86)\MSBuild\Microsoft.Cpp\v4.0\V140\Microsoft.CppBuild.targets" with target "ClCompile" from project "C:\Program Files (x86)\MSBuild\Microsoft.Cpp\v4.0\V140\Microsoft.CppCommon.targets".
       Overriding target "Link" in project "C:\Program Files (x86)\MSBuild\Microsoft.Cpp\v4.0\V140\Microsoft.CppBuild.targets" with target "Link" from project "C:\Program Files (x86)\MSBuild\Microsoft.Cpp\v4.0\V140\Microsoft.CppCommon.targets".
       Overriding target "Lib" in project "C:\Program Files (x86)\MSBuild\Microsoft.Cpp\v4.0\V140\Microsoft.CppBuild.targets" with target "Lib" from project "C:\Program Files (x86)\MSBuild\Microsoft.Cpp\v4.0\V140\Microsoft.CppCommon.targets".
       Overriding target "ImpLib" in project "C:\Program Files (x86)\MSBuild\Microsoft.Cpp\v4.0\V140\Microsoft.CppBuild.targets" with target "ImpLib" from project "C:\Program Files (x86)\MSBuild\Microsoft.Cpp\v4.0\V140\Microsoft.CppCommon.targets".
       Overriding target "Midl" in project "C:\Program Files (x86)\MSBuild\Microsoft.Cpp\v4.0\V140\Microsoft.CppBuild.targets" with target "Midl" from project "C:\Program Files (x86)\MSBuild\Microsoft.Cpp\v4.0\V140\Microsoft.CppCommon.targets".
       Overriding target "ResourceCompile" in project "C:\Program Files (x86)\MSBuild\Microsoft.Cpp\v4.0\V140\Microsoft.CppBuild.targets" with target "ResourceCompile" from project "C:\Program Files (x86)\MSBuild\Microsoft.Cpp\v4.0\V140\Microsoft.CppCommon.targets".
       Overriding target "BeforeResGen" in project "C:\Program Files (x86)\Microsoft Visual Studio\2019\Professional\MSBuild\Current\Bin\Microsoft.Common.CurrentVersion.targets" with target "BeforeResGen" from project "C:\Program Files (x86)\MSBuild\Microsoft.Cpp\v4.0\V140\Microsoft.CppCommon.targets".
       Overriding target "ResGen" in project "C:\Program Files (x86)\Microsoft Visual Studio\2019\Professional\MSBuild\Current\Bin\Microsoft.Common.CurrentVersion.targets" with target "ResGen" from project "C:\Program Files (x86)\MSBuild\Microsoft.Cpp\v4.0\V140\Microsoft.CppCommon.targets".
       Overriding target "GenerateSatelliteAssemblies" in project "C:\Program Files (x86)\Microsoft Visual Studio\2019\Professional\MSBuild\Current\Bin\Microsoft.Common.CurrentVersion.targets" with target "GenerateSatelliteAssemblies" from project "C:\Program Files (x86)\MSBuild\Microsoft.Cpp\v4.0\V140\Microsoft.CppCommon.targets".
       Overriding target "Manifest" in project "C:\Program Files (x86)\MSBuild\Microsoft.Cpp\v4.0\V140\Microsoft.CppBuild.targets" with target "Manifest" from project "C:\Program Files (x86)\MSBuild\Microsoft.Cpp\v4.0\V140\Microsoft.CppCommon.targets".
       Overriding target "XdcMake" in project "C:\Program Files (x86)\MSBuild\Microsoft.Cpp\v4.0\V140\Microsoft.CppBuild.targets" with target "XdcMake" from project "C:\Program Files (x86)\MSBuild\Microsoft.Cpp\v4.0\V140\Microsoft.CppCommon.targets".
       Overriding target "BscMake" in project "C:\Program Files (x86)\MSBuild\Microsoft.Cpp\v4.0\V140\Microsoft.CppBuild.targets" with target "BscMake" from project "C:\Program Files (x86)\MSBuild\Microsoft.Cpp\v4.0\V140\Microsoft.CppCommon.targets".
       Overriding target "ComputeMetaGenInputs" in project "C:\Program Files (x86)\MSBuild\Microsoft.Cpp\v4.0\V140\Microsoft.MetaGen.targets" with target "ComputeMetaGenInputs" from project "C:\Program Files (x86)\MSBuild\Microsoft.Cpp\v4.0\V140\Microsoft.CppCommon.targets".
       Overriding target "GetNativeManifest" in project "C:\Program Files (x86)\Microsoft Visual Studio\2019\Professional\MSBuild\Current\Bin\Microsoft.Common.CurrentVersion.targets" with target "GetNativeManifest" from project "C:\Program Files (x86)\MSBuild\Microsoft.Cpp\v4.0\V140\Microsoft.CppCommon.targets".
       Overriding target "CustomBuildStep" in project "C:\Program Files (x86)\MSBuild\Microsoft.Cpp\v4.0\V140\Microsoft.CppCommon.targets" with target "CustomBuildStep" from project "C:\Program Files (x86)\Microsoft Visual Studio\2019\Professional\MSBuild\Microsoft\VC\v160\Microsoft.Cpp.Redirect.14.targets".
       Overriding target "GetTargetPathWithTargetPlatformMoniker" in project "C:\Program Files (x86)\Microsoft Visual Studio\2019\Professional\MSBuild\Current\Bin\Microsoft.Common.CurrentVersion.targets" with target "GetTargetPathWithTargetPlatformMoniker" from project "C:\Program Files (x86)\Microsoft Visual Studio\2019\Professional\MSBuild\Microsoft\VC\v160\Microsoft.Cpp.DesignTime.targets".
Build started 09.12.2019 17:35:40.
     1>Project "C:\X-RAY\stcop\rgs\src\xrEngine\xrEngine.vcxproj" on node 2 (Clean target(s)).
     1>Building with tools version "Current".
       Project file contains ToolsVersion="12.0". This toolset may be unknown or missing, in which case you may be able to resolve this by installing the appropriate version of MSBuild, or the build may have been forced to a particular ToolsVersion for policy reasons. Treating the project as if it had ToolsVersion="Current". For more information, please see http://go.microsoft.com/fwlink/?LinkId=293424.
       Target "EnableIntermediateOutputPathMismatchWarning" skipped, due to false condition; ('$(RestoreProjectStyle)' == 'PackageReference') was evaluated as ('' == 'PackageReference').
     1>Target "_CheckForInvalidConfigurationAndPlatform" in file "C:\Program Files (x86)\Microsoft Visual Studio\2019\Professional\MSBuild\Current\Bin\Microsoft.Common.CurrentVersion.targets" from project "C:\X-RAY\stcop\rgs\src\xrEngine\xrEngine.vcxproj" (target "_PrepareForClean" depends on it):
       Task "Error" skipped, due to false condition; ( '$(_InvalidConfigurationError)' == 'true' ) was evaluated as ( '' == 'true' ).
       Task "Warning" skipped, due to false condition; ( '$(_InvalidConfigurationWarning)' == 'true' ) was evaluated as ( '' == 'true' ).
       Task "Message"
         Configuration=Release
       Done executing task "Message".
       Task "Message"
         Platform=x64
       Done executing task "Message".
       Task "Error" skipped, due to false condition; ('$(OutDir)' != '' and !HasTrailingSlash('$(OutDir)')) was evaluated as ('C:\X-RAY\stcop\rgs\src\x64\Release\' != '' and !HasTrailingSlash('C:\X-RAY\stcop\rgs\src\x64\Release\')).
       Task "Error" skipped, due to false condition; ('$(BaseIntermediateOutputPath)' != '' and !HasTrailingSlash('$(BaseIntermediateOutputPath)')) was evaluated as ('obj\' != '' and !HasTrailingSlash('obj\')).
       Task "Error" skipped, due to false condition; ('$(IntermediateOutputPath)' != '' and !HasTrailingSlash('$(IntermediateOutputPath)')) was evaluated as ('x64\Release\' != '' and !HasTrailingSlash('x64\Release\')).
       Task "Error" skipped, due to false condition; ( '$(_InitialMSBuildProjectExtensionsPath)' != '' And '$(MSBuildProjectExtensionsPath)' != '$(_InitialMSBuildProjectExtensionsPath)' ) was evaluated as ( 'C:\X-RAY\stcop\rgs\src\xrEngine\obj\' != '' And 'C:\X-RAY\stcop\rgs\src\xrEngine\obj\' != 'C:\X-RAY\stcop\rgs\src\xrEngine\obj\' ).
       Task "Warning" skipped, due to false condition; ( '$(EnableBaseIntermediateOutputPathMismatchWarning)' == 'true' And '$(_InitialBaseIntermediateOutputPath)' != '$(BaseIntermediateOutputPath)' And '$(BaseIntermediateOutputPath)' != '$(MSBuildProjectExtensionsPath)' ) was evaluated as ( '' == 'true' And 'obj\' != 'obj\' And 'obj\' != 'C:\X-RAY\stcop\rgs\src\xrEngine\obj\' ).
     1>Done building target "_CheckForInvalidConfigurationAndPlatform" in project "xrEngine.vcxproj".
     1>Target "_PrepareForClean" in file "C:\Program Files (x86)\MSBuild\Microsoft.Cpp\v4.0\V140\Microsoft.BuildSteps.Targets" from project "C:\X-RAY\stcop\rgs\src\xrEngine\xrEngine.vcxproj" (target "Clean" depends on it):
       Task "Delete"
         Deleting file "x64\Release\xrEngine.tlog\xrEngine.lastbuildstate".
       Done executing task "Delete".
     1>Done building target "_PrepareForClean" in project "xrEngine.vcxproj".
     1>Target "BeforeClean" in file "C:\Program Files (x86)\Microsoft Visual Studio\2019\Professional\MSBuild\Current\Bin\Microsoft.Common.CurrentVersion.targets" from project "C:\X-RAY\stcop\rgs\src\xrEngine\xrEngine.vcxproj" (target "Clean" depends on it):
     1>Done building target "BeforeClean" in project "xrEngine.vcxproj".
       Target "UnmanagedUnregistration" skipped, due to false condition; ((('$(_AssemblyTimestampBeforeCompile)' != '$(_AssemblyTimestampAfterCompile)' or '$(RegisterForComInterop)' != 'true' or '$(OutputType)' != 'library') or
                           ('$(_AssemblyTimestampBeforeCompile)' == '')) and
                          Exists('@(_UnmanagedRegistrationCache)')) was evaluated as ((('' != '' or '' != 'true' or 'exe' != 'library') or
                           ('' == '')) and
                          Exists('obj\xrEngine.vcxproj.UnmanagedRegistration.cache')).
     1>Target "CoreClean" in file "C:\Program Files (x86)\Microsoft Visual Studio\2019\Professional\MSBuild\Current\Bin\Microsoft.Common.CurrentVersion.targets" from project "C:\X-RAY\stcop\rgs\src\xrEngine\xrEngine.vcxproj" (target "Clean" depends on it):
       Task "Delete"
         File "x64\Release\\TempCA\xrEngine.pdb" doesn't exist. Skipping.
         File "x64\Release\\TempCA\xrEngine.exe" doesn't exist. Skipping.
       Done executing task "Delete".
       Task "ReadLinesFromFile"
       Done executing task "ReadLinesFromFile".
       Task "FindUnderPath"
         Comparison path is "C:\X-RAY\stcop\rgs\src\x64\Release\".
       Done executing task "FindUnderPath".
       Task "FindUnderPath"
         Comparison path is "x64\Release\".
       Done executing task "FindUnderPath".
       Task "Delete"
       Done executing task "Delete".
       Task "RemoveDuplicates"
       Done executing task "RemoveDuplicates".
       Task "MakeDir"
       Done executing task "MakeDir".
       Task "WriteLinesToFile"
       Done executing task "WriteLinesToFile".
     1>Done building target "CoreClean" in project "xrEngine.vcxproj".
     1>Target "AssignProjectConfiguration" in file "C:\Program Files (x86)\Microsoft Visual Studio\2019\Professional\MSBuild\Current\Bin\Microsoft.Common.CurrentVersion.targets" from project "C:\X-RAY\stcop\rgs\src\xrEngine\xrEngine.vcxproj" (target "PrepareProjectReferences" depends on it):
       Task "AssignProjectConfiguration"
         Project reference "C:\X-RAY\stcop\rgs\src\3rd party\luabind\luabind.beta7-devel.rc4.vcxproj" has been assigned the "Release|x64" configuration.
         Project reference "C:\X-RAY\stcop\rgs\src\3rd party\openal\OpenAL-Windows\Router\Router.vcxproj" has been assigned the "Release|x64" configuration.
         Project reference "C:\X-RAY\stcop\rgs\src\Layers\xrAPI\xrAPI.vcxproj" has been assigned the "Release|x64" configuration.
         Project reference "C:\X-RAY\stcop\rgs\src\xrNetServer\xrNetServer.vcxproj" has been assigned the "Release|x64" configuration.
         Project reference "C:\X-RAY\stcop\rgs\src\xrSound\xrSound.vcxproj" has been assigned the "Release|x64" configuration.
       Done executing task "AssignProjectConfiguration".
     1>Done building target "AssignProjectConfiguration" in project "xrEngine.vcxproj".
     1>Target "_SplitProjectReferencesByFileExistence" in file "C:\Program Files (x86)\Microsoft Visual Studio\2019\Professional\MSBuild\Current\Bin\Microsoft.Common.CurrentVersion.targets" from project "C:\X-RAY\stcop\rgs\src\xrEngine\xrEngine.vcxproj" (target "PrepareProjectReferences" depends on it):
       Task "ResolveNonMSBuildProjectOutput"
         Resolving project reference "C:\X-RAY\stcop\rgs\src\3rd party\luabind\luabind.beta7-devel.rc4.vcxproj".
         Project reference "C:\X-RAY\stcop\rgs\src\3rd party\luabind\luabind.beta7-devel.rc4.vcxproj" has not been resolved.
         Resolving project reference "C:\X-RAY\stcop\rgs\src\3rd party\openal\OpenAL-Windows\Router\Router.vcxproj".
         Project reference "C:\X-RAY\stcop\rgs\src\3rd party\openal\OpenAL-Windows\Router\Router.vcxproj" has not been resolved.
         Resolving project reference "C:\X-RAY\stcop\rgs\src\Layers\xrAPI\xrAPI.vcxproj".
         Project reference "C:\X-RAY\stcop\rgs\src\Layers\xrAPI\xrAPI.vcxproj" has not been resolved.
         Resolving project reference "C:\X-RAY\stcop\rgs\src\xrNetServer\xrNetServer.vcxproj".
         Project reference "C:\X-RAY\stcop\rgs\src\xrNetServer\xrNetServer.vcxproj" has not been resolved.
         Resolving project reference "C:\X-RAY\stcop\rgs\src\xrSound\xrSound.vcxproj".
         Project reference "C:\X-RAY\stcop\rgs\src\xrSound\xrSound.vcxproj" has not been resolved.
       Done executing task "ResolveNonMSBuildProjectOutput".
     1>Done building target "_SplitProjectReferencesByFileExistence" in project "xrEngine.vcxproj".
     1>Target "_GetProjectReferenceTargetFrameworkProperties" in file "C:\Program Files (x86)\Microsoft Visual Studio\2019\Professional\MSBuild\Current\Bin\Microsoft.Common.CurrentVersion.targets" from project "C:\X-RAY\stcop\rgs\src\xrEngine\xrEngine.vcxproj" (target "PrepareProjectReferences" depends on it):
       Task "MSBuild" skipped, due to false condition; ('%(_MSBuildProjectReferenceExistent.SkipGetTargetFrameworkProperties)' != 'true') was evaluated as ('true' != 'true').
       Task "GetReferenceNearestTargetFrameworkTask" skipped, due to false condition; ('@(_ProjectReferenceTargetFrameworkPossibilities->Count())' != '0' and '$(ReferringTargetFrameworkForProjectReferences)' != '') was evaluated as ('0' != '0' and '.NETFramework,Version=v4.0' != '').
     1>Done building target "_GetProjectReferenceTargetFrameworkProperties" in project "xrEngine.vcxproj".
     1>Target "PrepareProjectReferences" in file "C:\Program Files (x86)\Microsoft Visual Studio\2019\Professional\MSBuild\Current\Bin\Microsoft.Common.CurrentVersion.targets" from project "C:\X-RAY\stcop\rgs\src\xrEngine\xrEngine.vcxproj" (target "CleanReferencedProjects" depends on it):
     1>Done building target "PrepareProjectReferences" in project "xrEngine.vcxproj".
     1>Target "CleanReferencedProjects" in file "C:\Program Files (x86)\Microsoft Visual Studio\2019\Professional\MSBuild\Current\Bin\Microsoft.Common.CurrentVersion.targets" from project "C:\X-RAY\stcop\rgs\src\xrEngine\xrEngine.vcxproj" (target "Clean" depends on it):
       Task "MSBuild" skipped, due to false condition; ('$(BuildingInsideVisualStudio)' != 'true' and '$(BuildProjectReferences)' == 'true' and '@(_MSBuildProjectReferenceExistent)' != '') was evaluated as ('true' != 'true' and 'true' == 'true' and 'C:\X-RAY\stcop\rgs\src\3rd party\luabind\luabind.beta7-devel.rc4.vcxproj;C:\X-RAY\stcop\rgs\src\3rd party\openal\OpenAL-Windows\Router\Router.vcxproj;C:\X-RAY\stcop\rgs\src\Layers\xrAPI\xrAPI.vcxproj;C:\X-RAY\stcop\rgs\src\xrNetServer\xrNetServer.vcxproj;C:\X-RAY\stcop\rgs\src\xrSound\xrSound.vcxproj' != '').
     1>Done building target "CleanReferencedProjects" in project "xrEngine.vcxproj".
     1>Target "CleanPublishFolder" in file "C:\Program Files (x86)\Microsoft Visual Studio\2019\Professional\MSBuild\Current\Bin\Microsoft.Common.CurrentVersion.targets" from project "C:\X-RAY\stcop\rgs\src\xrEngine\xrEngine.vcxproj" (target "Clean" depends on it):
       Task "RemoveDir" skipped, due to false condition; ('$(PublishDir)'=='$(OutputPath)app.publish\' and Exists('$(PublishDir)')) was evaluated as ('C:\X-RAY\stcop\rgs\src\x64\Release\app.publish\'=='C:\X-RAY\stcop\rgs\src\x64\Release\app.publish\' and Exists('C:\X-RAY\stcop\rgs\src\x64\Release\app.publish\')).
     1>Done building target "CleanPublishFolder" in project "xrEngine.vcxproj".
     1>Target "AfterClean" in file "C:\Program Files (x86)\Microsoft Visual Studio\2019\Professional\MSBuild\Current\Bin\Microsoft.Common.CurrentVersion.targets" from project "C:\X-RAY\stcop\rgs\src\xrEngine\xrEngine.vcxproj" (target "Clean" depends on it):
     1>Done building target "AfterClean" in project "xrEngine.vcxproj".
       Target "EntityClean" skipped, due to false condition; ('@(EntityDeploy)' != '') was evaluated as ('' != '').
     1>Target "BeforeCppClean" in file "C:\Program Files (x86)\MSBuild\Microsoft.Cpp\v4.0\V140\Microsoft.CppClean.targets" from project "C:\X-RAY\stcop\rgs\src\xrEngine\xrEngine.vcxproj" (target "CppClean" depends on it):
     1>Done building target "BeforeCppClean" in project "xrEngine.vcxproj".
     1>Target "CoreCppClean" in file "C:\Program Files (x86)\MSBuild\Microsoft.Cpp\v4.0\V140\Microsoft.CppClean.targets" from project "C:\X-RAY\stcop\rgs\src\xrEngine\xrEngine.vcxproj" (target "CppClean" depends on it):
       Task "MakeDir"
       Done executing task "MakeDir".
       Using "CppClean" task from assembly "C:\Program Files (x86)\MSBuild\Microsoft.Cpp\v4.0\V140\Microsoft.Build.CppTasks.Common.dll".
       Task "CppClean"
       Done executing task "CppClean".
       Task "WriteLinesToFile"
       Done executing task "WriteLinesToFile".
     1>Done building target "CoreCppClean" in project "xrEngine.vcxproj".
     1>Target "AfterCppClean" in file "C:\Program Files (x86)\MSBuild\Microsoft.Cpp\v4.0\V140\Microsoft.CppClean.targets" from project "C:\X-RAY\stcop\rgs\src\xrEngine\xrEngine.vcxproj" (target "CppClean" depends on it):
     1>Done building target "AfterCppClean" in project "xrEngine.vcxproj".
     1>Target "PGInstrumentedClean" in file "C:\Program Files (x86)\MSBuild\Microsoft.Cpp\v4.0\V140\Microsoft.CppClean.targets" from project "C:\X-RAY\stcop\rgs\src\xrEngine\xrEngine.vcxproj" (target "CppClean" depends on it):
       Task "Delete"
       Done executing task "Delete".
     1>Done building target "PGInstrumentedClean" in project "xrEngine.vcxproj".
     1>Target "CppClean" in file "C:\Program Files (x86)\MSBuild\Microsoft.Cpp\v4.0\V140\Microsoft.CppClean.targets" from project "C:\X-RAY\stcop\rgs\src\xrEngine\xrEngine.vcxproj" (target "Clean" depends on it):
     1>Done building target "CppClean" in project "xrEngine.vcxproj".
       Target "_CheckForInvalidConfigurationAndPlatform" skipped. Previously built successfully.
       Target "_CheckForInvalidConfigurationAndPlatform" skipped. Previously built successfully.
     1>Target "Clean" in file "C:\Program Files (x86)\Microsoft Visual Studio\2019\Professional\MSBuild\Current\Bin\Microsoft.Common.CurrentVersion.targets" from project "C:\X-RAY\stcop\rgs\src\xrEngine\xrEngine.vcxproj" (entry point):
     1>Done building target "Clean" in project "xrEngine.vcxproj".
     1>Done Building Project "C:\X-RAY\stcop\rgs\src\xrEngine\xrEngine.vcxproj" (Clean target(s)).

Build succeeded.
    0 Warning(s)
    0 Error(s)

Time Elapsed 00:00:00.29
