c:\x-ray\stcop\rgs\src\xrengine\x64\release\customhud.obj
c:\x-ray\stcop\rgs\src\xrengine\x64\release\device_create.obj
c:\x-ray\stcop\rgs\src\xrengine\x64\release\device_initialize.obj
c:\x-ray\stcop\rgs\src\xrengine\x64\release\device_misc.obj
c:\x-ray\stcop\rgs\src\xrengine\x64\release\device_wndproc.obj
c:\x-ray\stcop\rgs\src\xrengine\x64\release\editor_environment_ambients_manager.obj
c:\x-ray\stcop\rgs\src\xrengine\x64\release\editor_environment_effects_manager.obj
c:\x-ray\stcop\rgs\src\xrengine\x64\release\editor_environment_levels_manager.obj
c:\x-ray\stcop\rgs\src\xrengine\x64\release\editor_environment_sound_channels_source.obj
c:\x-ray\stcop\rgs\src\xrengine\x64\release\editor_environment_suns_flares.obj
c:\x-ray\stcop\rgs\src\xrengine\x64\release\editor_environment_suns_gradient.obj
c:\x-ray\stcop\rgs\src\xrengine\x64\release\editor_environment_thunderbolts_gradient.obj
c:\x-ray\stcop\rgs\src\xrengine\x64\release\engine.obj
c:\x-ray\stcop\rgs\src\xrengine\x64\release\environment.obj
c:\x-ray\stcop\rgs\src\xrengine\x64\release\interp.obj
c:\x-ray\stcop\rgs\src\xrengine\x64\release\lightanimlibrary.obj
c:\x-ray\stcop\rgs\src\xrengine\x64\release\objectdump.obj
c:\x-ray\stcop\rgs\src\xrengine\x64\release\render.obj
c:\x-ray\stcop\rgs\src\xrengine\x64\release\statgraph.obj
c:\x-ray\stcop\rgs\src\xrengine\x64\release\text_console_wndproc.obj
c:\x-ray\stcop\rgs\src\xrengine\x64\release\xr_ioconsole_get.obj
c:\x-ray\stcop\rgs\src\xrengine\x64\release\x_ray.obj
c:\x-ray\stcop\rgs\src\xrengine\x64\release\cf_dynamic_mesh.obj
c:\x-ray\stcop\rgs\src\xrengine\x64\release\editor_environment_effects_effect.obj
c:\x-ray\stcop\rgs\src\xrengine\x64\release\editor_environment_sound_channels_manager.obj
c:\x-ray\stcop\rgs\src\xrengine\x64\release\editor_environment_suns_manager.obj
c:\x-ray\stcop\rgs\src\xrengine\x64\release\editor_environment_thunderbolts_collection.obj
c:\x-ray\stcop\rgs\src\xrengine\x64\release\effectorpp.obj
c:\x-ray\stcop\rgs\src\xrengine\x64\release\fdemorecord.obj
c:\x-ray\stcop\rgs\src\xrengine\x64\release\igame_persistent.obj
c:\x-ray\stcop\rgs\src\xrengine\x64\release\thunderbolt.obj
c:\x-ray\stcop\rgs\src\xrengine\x64\release\_scripting.obj
c:\x-ray\stcop\rgs\src\xrengine\x64\release\ai_script_lua_extension.obj
c:\x-ray\stcop\rgs\src\xrengine\x64\release\editor_environment_weathers_time.obj
c:\x-ray\stcop\rgs\src\xrengine\x64\release\eventapi.obj
c:\x-ray\stcop\rgs\src\xrengine\x64\release\fmesh.obj
c:\x-ray\stcop\rgs\src\xrengine\x64\release\gamemtllib_engine.obj
c:\x-ray\stcop\rgs\src\xrengine\x64\release\igame_objectpool.obj
c:\x-ray\stcop\rgs\src\xrengine\x64\release\xrhemisphere.obj
c:\x-ray\stcop\rgs\src\xrengine\x64\release\xrsash.obj
c:\x-ray\stcop\rgs\src\xrengine\x64\release\xr_ioconsole.obj
c:\x-ray\stcop\rgs\src\xrengine\x64\release\cameramanager.obj
c:\x-ray\stcop\rgs\src\xrengine\x64\release\editor_environment_thunderbolts_thunderbolt.obj
c:\x-ray\stcop\rgs\src\xrengine\x64\release\engine_impl.obj
c:\x-ray\stcop\rgs\src\xrengine\x64\release\feel_vision.obj
c:\x-ray\stcop\rgs\src\xrengine\x64\release\irenderable.obj
c:\x-ray\stcop\rgs\src\xrengine\x64\release\mailslot.obj
c:\x-ray\stcop\rgs\src\xrengine\x64\release\perlin.obj
c:\x-ray\stcop\rgs\src\xrengine\x64\release\phdebug.obj
c:\x-ray\stcop\rgs\src\xrengine\x64\release\ps_instance.obj
c:\x-ray\stcop\rgs\src\xrengine\x64\release\tntqavi.obj
c:\x-ray\stcop\rgs\src\xrengine\x64\release\xrimage_resampler.obj
c:\x-ray\stcop\rgs\src\xrengine\x64\release\xrsheduler.obj
c:\x-ray\stcop\rgs\src\xrengine\x64\release\xr_efflensflare.obj
c:\x-ray\stcop\rgs\src\xrengine\x64\release\bone.obj
c:\x-ray\stcop\rgs\src\xrengine\x64\release\device_overdraw.obj
c:\x-ray\stcop\rgs\src\xrengine\x64\release\editor_environment_ambients_ambient.obj
c:\x-ray\stcop\rgs\src\xrengine\x64\release\editor_environment_ambients_effect_id.obj
c:\x-ray\stcop\rgs\src\xrengine\x64\release\editor_environment_ambients_sound_id.obj
c:\x-ray\stcop\rgs\src\xrengine\x64\release\editor_environment_detail.obj
c:\x-ray\stcop\rgs\src\xrengine\x64\release\editor_environment_manager.obj
c:\x-ray\stcop\rgs\src\xrengine\x64\release\editor_environment_sound_channels_channel.obj
c:\x-ray\stcop\rgs\src\xrengine\x64\release\editor_environment_suns_blend.obj
c:\x-ray\stcop\rgs\src\xrengine\x64\release\editor_environment_suns_flare.obj
c:\x-ray\stcop\rgs\src\xrengine\x64\release\editor_environment_suns_sun.obj
c:\x-ray\stcop\rgs\src\xrengine\x64\release\engineapi.obj
c:\x-ray\stcop\rgs\src\xrengine\x64\release\fdemoplay.obj
c:\x-ray\stcop\rgs\src\xrengine\x64\release\gamemtllib.obj
c:\x-ray\stcop\rgs\src\xrengine\x64\release\igame_level_check_textures.obj
c:\x-ray\stcop\rgs\src\xrengine\x64\release\line_editor.obj
c:\x-ray\stcop\rgs\src\xrengine\x64\release\motion.obj
c:\x-ray\stcop\rgs\src\xrengine\x64\release\pure_relcase.obj
c:\x-ray\stcop\rgs\src\xrengine\x64\release\stats.obj
c:\x-ray\stcop\rgs\src\xrengine\x64\release\xrtheora_surface.obj
c:\x-ray\stcop\rgs\src\xrengine\x64\release\xr_collide_form.obj
c:\x-ray\stcop\rgs\src\xrengine\x64\release\xr_object.obj
c:\x-ray\stcop\rgs\src\xrengine\x64\release\ai_script_lua_debug.obj
c:\x-ray\stcop\rgs\src\xrengine\x64\release\editor_environment_thunderbolts_thunderbolt_id.obj
c:\x-ray\stcop\rgs\src\xrengine\x64\release\editor_environment_weathers_weather.obj
c:\x-ray\stcop\rgs\src\xrengine\x64\release\envelope.obj
c:\x-ray\stcop\rgs\src\xrengine\x64\release\feel_touch.obj
c:\x-ray\stcop\rgs\src\xrengine\x64\release\gamefont.obj
c:\x-ray\stcop\rgs\src\xrengine\x64\release\igame_level.obj
c:\x-ray\stcop\rgs\src\xrengine\x64\release\text_console.obj
c:\x-ray\stcop\rgs\src\xrengine\x64\release\xr_ioconsole_control.obj
c:\x-ray\stcop\rgs\src\xrengine\x64\release\xr_object_list.obj
c:\x-ray\stcop\rgs\src\xrengine\x64\release\defines.obj
c:\x-ray\stcop\rgs\src\xrengine\x64\release\device.obj
c:\x-ray\stcop\rgs\src\xrengine\x64\release\editor_environment_thunderbolts_manager.obj
c:\x-ray\stcop\rgs\src\xrengine\x64\release\edit_actions.obj
c:\x-ray\stcop\rgs\src\xrengine\x64\release\environment_render.obj
c:\x-ray\stcop\rgs\src\xrengine\x64\release\icollidable.obj
c:\x-ray\stcop\rgs\src\xrengine\x64\release\iinputreceiver.obj
c:\x-ray\stcop\rgs\src\xrengine\x64\release\line_edit_control.obj
c:\x-ray\stcop\rgs\src\xrengine\x64\release\pure.obj
c:\x-ray\stcop\rgs\src\xrengine\x64\release\rain.obj
c:\x-ray\stcop\rgs\src\xrengine\x64\release\xr_input_xinput.obj
c:\x-ray\stcop\rgs\src\xrengine\x64\release\xr_ioconsole_callback.obj
c:\x-ray\stcop\rgs\src\xrengine\x64\release\camerabase.obj
c:\x-ray\stcop\rgs\src\xrengine\x64\release\device_destroy.obj
c:\x-ray\stcop\rgs\src\xrengine\x64\release\editor_environment_weathers_manager.obj
c:\x-ray\stcop\rgs\src\xrengine\x64\release\effector.obj
c:\x-ray\stcop\rgs\src\xrengine\x64\release\environment_misc.obj
c:\x-ray\stcop\rgs\src\xrengine\x64\release\isheduled.obj
c:\x-ray\stcop\rgs\src\xrengine\x64\release\mbhelpers.obj
c:\x-ray\stcop\rgs\src\xrengine\x64\release\objectanimator.obj
c:\x-ray\stcop\rgs\src\xrengine\x64\release\skeletonmotions.obj
c:\x-ray\stcop\rgs\src\xrengine\x64\release\xrtheora_stream.obj
c:\x-ray\stcop\rgs\src\xrengine\x64\release\xrtheora_surface_mmx.obj
c:\x-ray\stcop\rgs\src\xrengine\x64\release\xr_input.obj
c:\x-ray\stcop\rgs\src\xrengine\x64\release\xr_ioc_cmd.obj
c:\x-ray\stcop\rgs\src\xrengine\x64\release\vc120.pdb
c:\x-ray\stcop\rgs\src\xrengine\x64\release\vc120.idb
c:\x-ray\stcop\rgs\src\xrengine\x64\release\vc140.pdb
c:\x-ray\stcop\rgs\src\xrengine\x64\release\vc140.idb
c:\x-ray\stcop\rgs\src\xrengine\x64\release\xrengine.pch
c:\x-ray\stcop\rgs\src\xrengine\x64\release\stdafx.obj
c:\x-ray\stcop\rgs\src\xrengine\x64\release\doug_lea_memory_allocator.obj
c:\x-ray\stcop\rgs\src\x64\release\xrengine.exe
c:\x-ray\stcop\rgs\src\x64\release\xrengine.pdb
c:\x-ray\stcop\rgs\src\xrengine\x64\release\resource.res
c:\x-ray\stcop\rgs\lib\release\xrengine.lib
c:\x-ray\stcop\rgs\lib\release\xrengine.exp
c:\x-ray\stcop\rgs\src\xrengine\x64\release\xrengine.tlog\cl.command.1.tlog
c:\x-ray\stcop\rgs\src\xrengine\x64\release\xrengine.tlog\cl.read.1.tlog
c:\x-ray\stcop\rgs\src\xrengine\x64\release\xrengine.tlog\cl.write.1.tlog
c:\x-ray\stcop\rgs\src\xrengine\x64\release\xrengine.tlog\link.command.1.tlog
c:\x-ray\stcop\rgs\src\xrengine\x64\release\xrengine.tlog\link.read.1.tlog
c:\x-ray\stcop\rgs\src\xrengine\x64\release\xrengine.tlog\link.write.1.tlog
c:\x-ray\stcop\rgs\src\xrengine\x64\release\xrengine.tlog\rc.command.1.tlog
c:\x-ray\stcop\rgs\src\xrengine\x64\release\xrengine.tlog\rc.read.1.tlog
c:\x-ray\stcop\rgs\src\xrengine\x64\release\xrengine.tlog\rc.write.1.tlog
c:\x-ray\stcop\rgs\src\xrengine\x64\release\xrengine.tlog\xrengine.write.1u.tlog
